   1              		.syntax unified
   2              		.cpu cortex-m4
   3              		.eabi_attribute 27, 1
   4              		.eabi_attribute 28, 1
   5              		.fpu fpv4-sp-d16
   6              		.eabi_attribute 20, 1
   7              		.eabi_attribute 21, 1
   8              		.eabi_attribute 23, 3
   9              		.eabi_attribute 24, 1
  10              		.eabi_attribute 25, 1
  11              		.eabi_attribute 26, 1
  12              		.eabi_attribute 30, 6
  13              		.eabi_attribute 34, 1
  14              		.eabi_attribute 18, 4
  15              		.thumb
  16              		.file	"softuart.c"
  17              		.text
  18              	.Ltext0:
  19              		.cfi_sections	.debug_frame
  20              		.section	.text.softdelay_ms,"ax",%progbits
  21              		.align	2
  22              		.global	softdelay_ms
  23              		.thumb
  24              		.thumb_func
  26              	softdelay_ms:
  27              	.LFB0:
  28              		.file 1 "../bl/softuart.c"
   1:../bl/softuart.c **** /*
   2:../bl/softuart.c ****  * softuart.c
   3:../bl/softuart.c ****  *
   4:../bl/softuart.c ****  *  Created on: 2017年10月23日
   5:../bl/softuart.c ****  *      Author: houxd
   6:../bl/softuart.c ****  */
   7:../bl/softuart.c **** 
   8:../bl/softuart.c **** #include <softuart.h>
   9:../bl/softuart.c **** 
  10:../bl/softuart.c **** void softdelay_ms(int ms)
  11:../bl/softuart.c **** {
  29              		.loc 1 11 0
  30              		.cfi_startproc
  31              		@ args = 0, pretend = 0, frame = 8
  32              		@ frame_needed = 1, uses_anonymous_args = 0
  33              		@ link register save eliminated.
  34 0000 80B4     		push	{r7}
  35              		.cfi_def_cfa_offset 4
  36              		.cfi_offset 7, -4
  37 0002 83B0     		sub	sp, sp, #12
  38              		.cfi_def_cfa_offset 16
  39 0004 00AF     		add	r7, sp, #0
  40              		.cfi_def_cfa_register 7
  41 0006 7860     		str	r0, [r7, #4]
  42              	.L2:
  12:../bl/softuart.c **** 	do{
  13:../bl/softuart.c **** 		ms--;
  43              		.loc 1 13 0 discriminator 1
  44 0008 7B68     		ldr	r3, [r7, #4]
  45 000a 013B     		subs	r3, r3, #1
  46 000c 7B60     		str	r3, [r7, #4]
  14:../bl/softuart.c **** 	}while(ms);
  47              		.loc 1 14 0 discriminator 1
  48 000e 7B68     		ldr	r3, [r7, #4]
  49 0010 002B     		cmp	r3, #0
  50 0012 F9D1     		bne	.L2
  15:../bl/softuart.c **** }
  51              		.loc 1 15 0
  52 0014 0C37     		adds	r7, r7, #12
  53              		.cfi_def_cfa_offset 4
  54 0016 BD46     		mov	sp, r7
  55              		.cfi_def_cfa_register 13
  56              		@ sp needed
  57 0018 5DF8047B 		ldr	r7, [sp], #4
  58              		.cfi_restore 7
  59              		.cfi_def_cfa_offset 0
  60 001c 7047     		bx	lr
  61              		.cfi_endproc
  62              	.LFE0:
  64 001e 00BF     		.text
  65              	.Letext0:
DEFINED SYMBOLS
                            *ABS*:00000000 softuart.c
     /tmp/cczYfk5w.s:21     .text.softdelay_ms:00000000 $t
     /tmp/cczYfk5w.s:26     .text.softdelay_ms:00000000 softdelay_ms
                     .debug_frame:00000010 $d
                           .group:00000000 wm4.0.728a2e6911dc01ff85c2d70c52e8fae1
                           .group:00000000 wm4.lib_c99.prefix.8.3580c292f50811c682d980dc4180498e
                           .group:00000000 wm4.common.prefix.16.d7bf937cdf46fd76dde96b376e3b328a
                           .group:00000000 wm4.ewl_c_version.h.9.0bcb57d6a3f89baae1f9b121de2772f5
                           .group:00000000 wm4.os_enum.h.9.f9446d6af68b3fa72a37d4d924d3b347
                           .group:00000000 wm4.ansi_prefix.ARM.h.13.4b23f4c654df3c3277534542f67d200c
                           .group:00000000 wm4.ansi_parms.h.64.90aed58330fdde08746db908036e1f37
                           .group:00000000 wm4.limits_api.h.9.bc6daa20b3abae2bba6c512044e73b43
                           .group:00000000 wm4.ewl_lib_ext1.h.14.f9b057cc049671136093886db2a3473f
                           .group:00000000 wm4.cstdint.134.0ece0ba0ee759ce9e45a8fa510ec0d93
                           .group:00000000 wm4.wchar_t.h.9.94198016f5b5f455e54ea1f3f054b416
                           .group:00000000 wm4.cstdint.246.0573fcc3ea2319479988f90b448d87e4

NO UNDEFINED SYMBOLS
