   1              		.syntax unified
   2              		.cpu cortex-m4
   3              		.eabi_attribute 27, 1
   4              		.eabi_attribute 28, 1
   5              		.fpu fpv4-sp-d16
   6              		.eabi_attribute 20, 1
   7              		.eabi_attribute 21, 1
   8              		.eabi_attribute 23, 3
   9              		.eabi_attribute 24, 1
  10              		.eabi_attribute 25, 1
  11              		.eabi_attribute 26, 1
  12              		.eabi_attribute 30, 6
  13              		.eabi_attribute 34, 1
  14              		.eabi_attribute 18, 4
  15              		.thumb
  16              		.file	"softi2c.c"
  17              		.text
  18              	.Ltext0:
  19              		.cfi_sections	.debug_frame
  20              		.section	.bss.this_dev,"aw",%nobits
  21              		.align	2
  24              	this_dev:
  25 0000 00000000 		.space	4
  26              		.section	.text.softi2c_delay,"ax",%progbits
  27              		.align	2
  28              		.thumb
  29              		.thumb_func
  31              	softi2c_delay:
  32              	.LFB0:
  33              		.file 1 "../bl/softi2c.c"
   1:../bl/softi2c.c **** /*
   2:../bl/softi2c.c ****  * softi2c.c
   3:../bl/softi2c.c ****  *
   4:../bl/softi2c.c ****  *  Created on: 2017年10月19日
   5:../bl/softi2c.c ****  *      Author: houxd
   6:../bl/softi2c.c ****  */
   7:../bl/softi2c.c **** 
   8:../bl/softi2c.c **** #include "softi2c.h"
   9:../bl/softi2c.c **** 
  10:../bl/softi2c.c **** static const struct SoftI2C* this_dev;
  11:../bl/softi2c.c **** static void softi2c_delay(int _us) {
  34              		.loc 1 11 0
  35              		.cfi_startproc
  36              		@ args = 0, pretend = 0, frame = 16
  37              		@ frame_needed = 1, uses_anonymous_args = 0
  38              		@ link register save eliminated.
  39 0000 80B4     		push	{r7}
  40              		.cfi_def_cfa_offset 4
  41              		.cfi_offset 7, -4
  42 0002 85B0     		sub	sp, sp, #20
  43              		.cfi_def_cfa_offset 24
  44 0004 00AF     		add	r7, sp, #0
  45              		.cfi_def_cfa_register 7
  46 0006 7860     		str	r0, [r7, #4]
  12:../bl/softi2c.c **** 	int us = _us;
  47              		.loc 1 12 0
  48 0008 7B68     		ldr	r3, [r7, #4]
  49 000a FB60     		str	r3, [r7, #12]
  13:../bl/softi2c.c **** 	while (us--)
  50              		.loc 1 13 0
  51 000c 08E0     		b	.L2
  52              	.L5:
  53              	.LBB2:
  14:../bl/softi2c.c **** 		for (int i = DELAY_CALIBRATE_PARAM; i; --i)
  54              		.loc 1 14 0
  55 000e 0523     		movs	r3, #5
  56 0010 BB60     		str	r3, [r7, #8]
  57 0012 02E0     		b	.L3
  58              	.L4:
  59              		.loc 1 14 0 is_stmt 0 discriminator 3
  60 0014 BB68     		ldr	r3, [r7, #8]
  61 0016 013B     		subs	r3, r3, #1
  62 0018 BB60     		str	r3, [r7, #8]
  63              	.L3:
  64              		.loc 1 14 0 discriminator 1
  65 001a BB68     		ldr	r3, [r7, #8]
  66 001c 002B     		cmp	r3, #0
  67 001e F9D1     		bne	.L4
  68              	.L2:
  69              	.LBE2:
  13:../bl/softi2c.c **** 	while (us--)
  70              		.loc 1 13 0 is_stmt 1
  71 0020 FB68     		ldr	r3, [r7, #12]
  72 0022 5A1E     		subs	r2, r3, #1
  73 0024 FA60     		str	r2, [r7, #12]
  74 0026 002B     		cmp	r3, #0
  75 0028 F1D1     		bne	.L5
  15:../bl/softi2c.c **** 			;
  16:../bl/softi2c.c **** }
  76              		.loc 1 16 0
  77 002a 1437     		adds	r7, r7, #20
  78              		.cfi_def_cfa_offset 4
  79 002c BD46     		mov	sp, r7
  80              		.cfi_def_cfa_register 13
  81              		@ sp needed
  82 002e 5DF8047B 		ldr	r7, [sp], #4
  83              		.cfi_restore 7
  84              		.cfi_def_cfa_offset 0
  85 0032 7047     		bx	lr
  86              		.cfi_endproc
  87              	.LFE0:
  89              		.section	.text.softi2c_test_delay_1s,"ax",%progbits
  90              		.align	2
  91              		.global	softi2c_test_delay_1s
  92              		.thumb
  93              		.thumb_func
  95              	softi2c_test_delay_1s:
  96              	.LFB1:
  17:../bl/softi2c.c **** void softi2c_test_delay_1s()
  18:../bl/softi2c.c **** {
  97              		.loc 1 18 0
  98              		.cfi_startproc
  99              		@ args = 0, pretend = 0, frame = 0
 100              		@ frame_needed = 1, uses_anonymous_args = 0
 101 0000 80B5     		push	{r7, lr}
 102              		.cfi_def_cfa_offset 8
 103              		.cfi_offset 7, -8
 104              		.cfi_offset 14, -4
 105 0002 00AF     		add	r7, sp, #0
 106              		.cfi_def_cfa_register 7
  19:../bl/softi2c.c **** 	softi2c_delay(1000000);
 107              		.loc 1 19 0
 108 0004 0148     		ldr	r0, .L7
 109 0006 FFF7FEFF 		bl	softi2c_delay
  20:../bl/softi2c.c **** }
 110              		.loc 1 20 0
 111 000a 80BD     		pop	{r7, pc}
 112              	.L8:
 113              		.align	2
 114              	.L7:
 115 000c 40420F00 		.word	1000000
 116              		.cfi_endproc
 117              	.LFE1:
 119              		.section	.text.softi2c_init_io,"ax",%progbits
 120              		.align	2
 121              		.global	softi2c_init_io
 122              		.thumb
 123              		.thumb_func
 125              	softi2c_init_io:
 126              	.LFB2:
  21:../bl/softi2c.c **** void softi2c_init_io(const struct SoftI2C *I2C_DEV) {
 127              		.loc 1 21 0
 128              		.cfi_startproc
 129              		@ args = 0, pretend = 0, frame = 8
 130              		@ frame_needed = 1, uses_anonymous_args = 0
 131 0000 80B5     		push	{r7, lr}
 132              		.cfi_def_cfa_offset 8
 133              		.cfi_offset 7, -8
 134              		.cfi_offset 14, -4
 135 0002 82B0     		sub	sp, sp, #8
 136              		.cfi_def_cfa_offset 16
 137 0004 00AF     		add	r7, sp, #0
 138              		.cfi_def_cfa_register 7
 139 0006 7860     		str	r0, [r7, #4]
  22:../bl/softi2c.c **** 	this_dev = I2C_DEV;
 140              		.loc 1 22 0
 141 0008 064A     		ldr	r2, .L10
 142 000a 7B68     		ldr	r3, [r7, #4]
 143 000c 1360     		str	r3, [r2]
  23:../bl/softi2c.c **** 	this_dev->SDA_OUT();
 144              		.loc 1 23 0
 145 000e 054B     		ldr	r3, .L10
 146 0010 1B68     		ldr	r3, [r3]
 147 0012 9B69     		ldr	r3, [r3, #24]
 148 0014 9847     		blx	r3
  24:../bl/softi2c.c **** 	this_dev->SCL_OUT();
 149              		.loc 1 24 0
 150 0016 034B     		ldr	r3, .L10
 151 0018 1B68     		ldr	r3, [r3]
 152 001a 9B68     		ldr	r3, [r3, #8]
 153 001c 9847     		blx	r3
  25:../bl/softi2c.c **** }
 154              		.loc 1 25 0
 155 001e 0837     		adds	r7, r7, #8
 156              		.cfi_def_cfa_offset 8
 157 0020 BD46     		mov	sp, r7
 158              		.cfi_def_cfa_register 13
 159              		@ sp needed
 160 0022 80BD     		pop	{r7, pc}
 161              	.L11:
 162              		.align	2
 163              	.L10:
 164 0024 00000000 		.word	this_dev
 165              		.cfi_endproc
 166              	.LFE2:
 168              		.section	.text.softi2c_start,"ax",%progbits
 169              		.align	2
 170              		.global	softi2c_start
 171              		.thumb
 172              		.thumb_func
 174              	softi2c_start:
 175              	.LFB3:
  26:../bl/softi2c.c **** void softi2c_start() {
 176              		.loc 1 26 0
 177              		.cfi_startproc
 178              		@ args = 0, pretend = 0, frame = 0
 179              		@ frame_needed = 1, uses_anonymous_args = 0
 180 0000 80B5     		push	{r7, lr}
 181              		.cfi_def_cfa_offset 8
 182              		.cfi_offset 7, -8
 183              		.cfi_offset 14, -4
 184 0002 00AF     		add	r7, sp, #0
 185              		.cfi_def_cfa_register 7
  27:../bl/softi2c.c **** 	this_dev->SDA_SET();
 186              		.loc 1 27 0
 187 0004 114B     		ldr	r3, .L13
 188 0006 1B68     		ldr	r3, [r3]
 189 0008 1B69     		ldr	r3, [r3, #16]
 190 000a 9847     		blx	r3
  28:../bl/softi2c.c **** 	this_dev->SCL_SET();
 191              		.loc 1 28 0
 192 000c 0F4B     		ldr	r3, .L13
 193 000e 1B68     		ldr	r3, [r3]
 194 0010 1B68     		ldr	r3, [r3]
 195 0012 9847     		blx	r3
  29:../bl/softi2c.c **** 	softi2c_delay(this_dev->HALF_CLK_CYCLE_US);
 196              		.loc 1 29 0
 197 0014 0D4B     		ldr	r3, .L13
 198 0016 1B68     		ldr	r3, [r3]
 199 0018 5B6A     		ldr	r3, [r3, #36]
 200 001a 1846     		mov	r0, r3
 201 001c FFF7FEFF 		bl	softi2c_delay
  30:../bl/softi2c.c **** 	this_dev->SDA_CLR();
 202              		.loc 1 30 0
 203 0020 0A4B     		ldr	r3, .L13
 204 0022 1B68     		ldr	r3, [r3]
 205 0024 5B69     		ldr	r3, [r3, #20]
 206 0026 9847     		blx	r3
  31:../bl/softi2c.c **** 	softi2c_delay(this_dev->HALF_CLK_CYCLE_US);
 207              		.loc 1 31 0
 208 0028 084B     		ldr	r3, .L13
 209 002a 1B68     		ldr	r3, [r3]
 210 002c 5B6A     		ldr	r3, [r3, #36]
 211 002e 1846     		mov	r0, r3
 212 0030 FFF7FEFF 		bl	softi2c_delay
  32:../bl/softi2c.c **** 	this_dev->SCL_CLR();
 213              		.loc 1 32 0
 214 0034 054B     		ldr	r3, .L13
 215 0036 1B68     		ldr	r3, [r3]
 216 0038 5B68     		ldr	r3, [r3, #4]
 217 003a 9847     		blx	r3
  33:../bl/softi2c.c **** 	softi2c_delay(this_dev->HALF_CLK_CYCLE_US);
 218              		.loc 1 33 0
 219 003c 034B     		ldr	r3, .L13
 220 003e 1B68     		ldr	r3, [r3]
 221 0040 5B6A     		ldr	r3, [r3, #36]
 222 0042 1846     		mov	r0, r3
 223 0044 FFF7FEFF 		bl	softi2c_delay
  34:../bl/softi2c.c **** }
 224              		.loc 1 34 0
 225 0048 80BD     		pop	{r7, pc}
 226              	.L14:
 227 004a 00BF     		.align	2
 228              	.L13:
 229 004c 00000000 		.word	this_dev
 230              		.cfi_endproc
 231              	.LFE3:
 233              		.section	.text.softi2c_stop,"ax",%progbits
 234              		.align	2
 235              		.global	softi2c_stop
 236              		.thumb
 237              		.thumb_func
 239              	softi2c_stop:
 240              	.LFB4:
  35:../bl/softi2c.c **** 
  36:../bl/softi2c.c **** void softi2c_stop() {
 241              		.loc 1 36 0
 242              		.cfi_startproc
 243              		@ args = 0, pretend = 0, frame = 0
 244              		@ frame_needed = 1, uses_anonymous_args = 0
 245 0000 80B5     		push	{r7, lr}
 246              		.cfi_def_cfa_offset 8
 247              		.cfi_offset 7, -8
 248              		.cfi_offset 14, -4
 249 0002 00AF     		add	r7, sp, #0
 250              		.cfi_def_cfa_register 7
  37:../bl/softi2c.c **** 	this_dev->SDA_CLR();
 251              		.loc 1 37 0
 252 0004 0C4B     		ldr	r3, .L16
 253 0006 1B68     		ldr	r3, [r3]
 254 0008 5B69     		ldr	r3, [r3, #20]
 255 000a 9847     		blx	r3
  38:../bl/softi2c.c **** 	this_dev->SCL_SET();
 256              		.loc 1 38 0
 257 000c 0A4B     		ldr	r3, .L16
 258 000e 1B68     		ldr	r3, [r3]
 259 0010 1B68     		ldr	r3, [r3]
 260 0012 9847     		blx	r3
  39:../bl/softi2c.c **** 	softi2c_delay(this_dev->HALF_CLK_CYCLE_US);
 261              		.loc 1 39 0
 262 0014 084B     		ldr	r3, .L16
 263 0016 1B68     		ldr	r3, [r3]
 264 0018 5B6A     		ldr	r3, [r3, #36]
 265 001a 1846     		mov	r0, r3
 266 001c FFF7FEFF 		bl	softi2c_delay
  40:../bl/softi2c.c **** 	this_dev->SDA_SET();
 267              		.loc 1 40 0
 268 0020 054B     		ldr	r3, .L16
 269 0022 1B68     		ldr	r3, [r3]
 270 0024 1B69     		ldr	r3, [r3, #16]
 271 0026 9847     		blx	r3
  41:../bl/softi2c.c **** 	softi2c_delay(this_dev->HALF_CLK_CYCLE_US);
 272              		.loc 1 41 0
 273 0028 034B     		ldr	r3, .L16
 274 002a 1B68     		ldr	r3, [r3]
 275 002c 5B6A     		ldr	r3, [r3, #36]
 276 002e 1846     		mov	r0, r3
 277 0030 FFF7FEFF 		bl	softi2c_delay
  42:../bl/softi2c.c **** }
 278              		.loc 1 42 0
 279 0034 80BD     		pop	{r7, pc}
 280              	.L17:
 281 0036 00BF     		.align	2
 282              	.L16:
 283 0038 00000000 		.word	this_dev
 284              		.cfi_endproc
 285              	.LFE4:
 287              		.section	.text.softi2c_send_byte,"ax",%progbits
 288              		.align	2
 289              		.global	softi2c_send_byte
 290              		.thumb
 291              		.thumb_func
 293              	softi2c_send_byte:
 294              	.LFB5:
  43:../bl/softi2c.c **** 
  44:../bl/softi2c.c **** void softi2c_send_byte(unsigned _data) {
 295              		.loc 1 44 0
 296              		.cfi_startproc
 297              		@ args = 0, pretend = 0, frame = 16
 298              		@ frame_needed = 1, uses_anonymous_args = 0
 299 0000 80B5     		push	{r7, lr}
 300              		.cfi_def_cfa_offset 8
 301              		.cfi_offset 7, -8
 302              		.cfi_offset 14, -4
 303 0002 84B0     		sub	sp, sp, #16
 304              		.cfi_def_cfa_offset 24
 305 0004 00AF     		add	r7, sp, #0
 306              		.cfi_def_cfa_register 7
 307 0006 7860     		str	r0, [r7, #4]
  45:../bl/softi2c.c **** 	unsigned data = _data;
 308              		.loc 1 45 0
 309 0008 7B68     		ldr	r3, [r7, #4]
 310 000a FB60     		str	r3, [r7, #12]
  46:../bl/softi2c.c **** 	unsigned BitCounter = 8;
 311              		.loc 1 46 0
 312 000c 0823     		movs	r3, #8
 313 000e BB60     		str	r3, [r7, #8]
 314              	.L21:
  47:../bl/softi2c.c **** 	do {
  48:../bl/softi2c.c **** 		if (data & 0x80)
 315              		.loc 1 48 0
 316 0010 FB68     		ldr	r3, [r7, #12]
 317 0012 03F08003 		and	r3, r3, #128
 318 0016 002B     		cmp	r3, #0
 319 0018 04D0     		beq	.L19
  49:../bl/softi2c.c **** 			this_dev->SDA_SET();
 320              		.loc 1 49 0
 321 001a 144B     		ldr	r3, .L22
 322 001c 1B68     		ldr	r3, [r3]
 323 001e 1B69     		ldr	r3, [r3, #16]
 324 0020 9847     		blx	r3
 325 0022 03E0     		b	.L20
 326              	.L19:
  50:../bl/softi2c.c **** 		else
  51:../bl/softi2c.c **** 			this_dev->SDA_CLR();
 327              		.loc 1 51 0
 328 0024 114B     		ldr	r3, .L22
 329 0026 1B68     		ldr	r3, [r3]
 330 0028 5B69     		ldr	r3, [r3, #20]
 331 002a 9847     		blx	r3
 332              	.L20:
  52:../bl/softi2c.c **** 		this_dev->SCL_SET();
 333              		.loc 1 52 0
 334 002c 0F4B     		ldr	r3, .L22
 335 002e 1B68     		ldr	r3, [r3]
 336 0030 1B68     		ldr	r3, [r3]
 337 0032 9847     		blx	r3
  53:../bl/softi2c.c **** 		softi2c_delay(this_dev->HALF_CLK_CYCLE_US);
 338              		.loc 1 53 0
 339 0034 0D4B     		ldr	r3, .L22
 340 0036 1B68     		ldr	r3, [r3]
 341 0038 5B6A     		ldr	r3, [r3, #36]
 342 003a 1846     		mov	r0, r3
 343 003c FFF7FEFF 		bl	softi2c_delay
  54:../bl/softi2c.c **** 		this_dev->SCL_CLR();
 344              		.loc 1 54 0
 345 0040 0A4B     		ldr	r3, .L22
 346 0042 1B68     		ldr	r3, [r3]
 347 0044 5B68     		ldr	r3, [r3, #4]
 348 0046 9847     		blx	r3
  55:../bl/softi2c.c **** 		softi2c_delay(this_dev->HALF_CLK_CYCLE_US);
 349              		.loc 1 55 0
 350 0048 084B     		ldr	r3, .L22
 351 004a 1B68     		ldr	r3, [r3]
 352 004c 5B6A     		ldr	r3, [r3, #36]
 353 004e 1846     		mov	r0, r3
 354 0050 FFF7FEFF 		bl	softi2c_delay
  56:../bl/softi2c.c **** 		data <<= 1;
 355              		.loc 1 56 0
 356 0054 FB68     		ldr	r3, [r7, #12]
 357 0056 5B00     		lsls	r3, r3, #1
 358 0058 FB60     		str	r3, [r7, #12]
  57:../bl/softi2c.c **** 		BitCounter--;
 359              		.loc 1 57 0
 360 005a BB68     		ldr	r3, [r7, #8]
 361 005c 013B     		subs	r3, r3, #1
 362 005e BB60     		str	r3, [r7, #8]
  58:../bl/softi2c.c **** 	} while (BitCounter);
 363              		.loc 1 58 0
 364 0060 BB68     		ldr	r3, [r7, #8]
 365 0062 002B     		cmp	r3, #0
 366 0064 D4D1     		bne	.L21
  59:../bl/softi2c.c **** }
 367              		.loc 1 59 0
 368 0066 1037     		adds	r7, r7, #16
 369              		.cfi_def_cfa_offset 8
 370 0068 BD46     		mov	sp, r7
 371              		.cfi_def_cfa_register 13
 372              		@ sp needed
 373 006a 80BD     		pop	{r7, pc}
 374              	.L23:
 375              		.align	2
 376              	.L22:
 377 006c 00000000 		.word	this_dev
 378              		.cfi_endproc
 379              	.LFE5:
 381              		.section	.text.softi2c_check_ack,"ax",%progbits
 382              		.align	2
 383              		.global	softi2c_check_ack
 384              		.thumb
 385              		.thumb_func
 387              	softi2c_check_ack:
 388              	.LFB6:
  60:../bl/softi2c.c **** 
  61:../bl/softi2c.c **** int softi2c_check_ack() {
 389              		.loc 1 61 0
 390              		.cfi_startproc
 391              		@ args = 0, pretend = 0, frame = 8
 392              		@ frame_needed = 1, uses_anonymous_args = 0
 393 0000 80B5     		push	{r7, lr}
 394              		.cfi_def_cfa_offset 8
 395              		.cfi_offset 7, -8
 396              		.cfi_offset 14, -4
 397 0002 82B0     		sub	sp, sp, #8
 398              		.cfi_def_cfa_offset 16
 399 0004 00AF     		add	r7, sp, #0
 400              		.cfi_def_cfa_register 7
  62:../bl/softi2c.c **** 	unsigned b;
  63:../bl/softi2c.c **** 	this_dev->SDA_IN();
 401              		.loc 1 63 0
 402 0006 194B     		ldr	r3, .L27
 403 0008 1B68     		ldr	r3, [r3]
 404 000a DB69     		ldr	r3, [r3, #28]
 405 000c 9847     		blx	r3
  64:../bl/softi2c.c **** 	this_dev->SCL_SET();
 406              		.loc 1 64 0
 407 000e 174B     		ldr	r3, .L27
 408 0010 1B68     		ldr	r3, [r3]
 409 0012 1B68     		ldr	r3, [r3]
 410 0014 9847     		blx	r3
  65:../bl/softi2c.c **** 	softi2c_delay(this_dev->HALF_CLK_CYCLE_US);
 411              		.loc 1 65 0
 412 0016 154B     		ldr	r3, .L27
 413 0018 1B68     		ldr	r3, [r3]
 414 001a 5B6A     		ldr	r3, [r3, #36]
 415 001c 1846     		mov	r0, r3
 416 001e FFF7FEFF 		bl	softi2c_delay
  66:../bl/softi2c.c **** 	b = this_dev->SDA_VAL();
 417              		.loc 1 66 0
 418 0022 124B     		ldr	r3, .L27
 419 0024 1B68     		ldr	r3, [r3]
 420 0026 1B6A     		ldr	r3, [r3, #32]
 421 0028 9847     		blx	r3
 422 002a 0346     		mov	r3, r0
 423 002c 7B60     		str	r3, [r7, #4]
  67:../bl/softi2c.c **** 	softi2c_delay(this_dev->HALF_CLK_CYCLE_US);
 424              		.loc 1 67 0
 425 002e 0F4B     		ldr	r3, .L27
 426 0030 1B68     		ldr	r3, [r3]
 427 0032 5B6A     		ldr	r3, [r3, #36]
 428 0034 1846     		mov	r0, r3
 429 0036 FFF7FEFF 		bl	softi2c_delay
  68:../bl/softi2c.c **** 	this_dev->SCL_CLR();
 430              		.loc 1 68 0
 431 003a 0C4B     		ldr	r3, .L27
 432 003c 1B68     		ldr	r3, [r3]
 433 003e 5B68     		ldr	r3, [r3, #4]
 434 0040 9847     		blx	r3
  69:../bl/softi2c.c **** 	softi2c_delay(this_dev->HALF_CLK_CYCLE_US);
 435              		.loc 1 69 0
 436 0042 0A4B     		ldr	r3, .L27
 437 0044 1B68     		ldr	r3, [r3]
 438 0046 5B6A     		ldr	r3, [r3, #36]
 439 0048 1846     		mov	r0, r3
 440 004a FFF7FEFF 		bl	softi2c_delay
  70:../bl/softi2c.c **** 	this_dev->SDA_OUT();
 441              		.loc 1 70 0
 442 004e 074B     		ldr	r3, .L27
 443 0050 1B68     		ldr	r3, [r3]
 444 0052 9B69     		ldr	r3, [r3, #24]
 445 0054 9847     		blx	r3
  71:../bl/softi2c.c **** 	if (b)
 446              		.loc 1 71 0
 447 0056 7B68     		ldr	r3, [r7, #4]
 448 0058 002B     		cmp	r3, #0
 449 005a 01D0     		beq	.L25
  72:../bl/softi2c.c **** 		return 0;
 450              		.loc 1 72 0
 451 005c 0023     		movs	r3, #0
 452 005e 00E0     		b	.L26
 453              	.L25:
  73:../bl/softi2c.c **** 	return 1;
 454              		.loc 1 73 0
 455 0060 0123     		movs	r3, #1
 456              	.L26:
  74:../bl/softi2c.c **** }
 457              		.loc 1 74 0
 458 0062 1846     		mov	r0, r3
 459 0064 0837     		adds	r7, r7, #8
 460              		.cfi_def_cfa_offset 8
 461 0066 BD46     		mov	sp, r7
 462              		.cfi_def_cfa_register 13
 463              		@ sp needed
 464 0068 80BD     		pop	{r7, pc}
 465              	.L28:
 466 006a 00BF     		.align	2
 467              	.L27:
 468 006c 00000000 		.word	this_dev
 469              		.cfi_endproc
 470              	.LFE6:
 472              		.section	.text.softi2c_read_byte,"ax",%progbits
 473              		.align	2
 474              		.global	softi2c_read_byte
 475              		.thumb
 476              		.thumb_func
 478              	softi2c_read_byte:
 479              	.LFB7:
  75:../bl/softi2c.c **** 
  76:../bl/softi2c.c **** unsigned softi2c_read_byte() {
 480              		.loc 1 76 0
 481              		.cfi_startproc
 482              		@ args = 0, pretend = 0, frame = 8
 483              		@ frame_needed = 1, uses_anonymous_args = 0
 484 0000 80B5     		push	{r7, lr}
 485              		.cfi_def_cfa_offset 8
 486              		.cfi_offset 7, -8
 487              		.cfi_offset 14, -4
 488 0002 82B0     		sub	sp, sp, #8
 489              		.cfi_def_cfa_offset 16
 490 0004 00AF     		add	r7, sp, #0
 491              		.cfi_def_cfa_register 7
  77:../bl/softi2c.c **** 	unsigned count = 8, temp = 0;
 492              		.loc 1 77 0
 493 0006 0823     		movs	r3, #8
 494 0008 7B60     		str	r3, [r7, #4]
 495 000a 0023     		movs	r3, #0
 496 000c 3B60     		str	r3, [r7]
  78:../bl/softi2c.c **** 	this_dev->SDA_IN();
 497              		.loc 1 78 0
 498 000e 1D4B     		ldr	r3, .L33
 499 0010 1B68     		ldr	r3, [r3]
 500 0012 DB69     		ldr	r3, [r3, #28]
 501 0014 9847     		blx	r3
 502              	.L31:
  79:../bl/softi2c.c **** 	do {
  80:../bl/softi2c.c **** 		this_dev->SCL_SET();
 503              		.loc 1 80 0
 504 0016 1B4B     		ldr	r3, .L33
 505 0018 1B68     		ldr	r3, [r3]
 506 001a 1B68     		ldr	r3, [r3]
 507 001c 9847     		blx	r3
  81:../bl/softi2c.c **** 		temp <<= 1;
 508              		.loc 1 81 0
 509 001e 3B68     		ldr	r3, [r7]
 510 0020 5B00     		lsls	r3, r3, #1
 511 0022 3B60     		str	r3, [r7]
  82:../bl/softi2c.c **** 		softi2c_delay(this_dev->HALF_CLK_CYCLE_US);
 512              		.loc 1 82 0
 513 0024 174B     		ldr	r3, .L33
 514 0026 1B68     		ldr	r3, [r3]
 515 0028 5B6A     		ldr	r3, [r3, #36]
 516 002a 1846     		mov	r0, r3
 517 002c FFF7FEFF 		bl	softi2c_delay
  83:../bl/softi2c.c **** 		if (this_dev->SDA_VAL())
 518              		.loc 1 83 0
 519 0030 144B     		ldr	r3, .L33
 520 0032 1B68     		ldr	r3, [r3]
 521 0034 1B6A     		ldr	r3, [r3, #32]
 522 0036 9847     		blx	r3
 523 0038 0346     		mov	r3, r0
 524 003a 002B     		cmp	r3, #0
 525 003c 03D0     		beq	.L30
  84:../bl/softi2c.c **** 			temp = temp | 0x01;
 526              		.loc 1 84 0
 527 003e 3B68     		ldr	r3, [r7]
 528 0040 43F00103 		orr	r3, r3, #1
 529 0044 3B60     		str	r3, [r7]
 530              	.L30:
  85:../bl/softi2c.c **** 		softi2c_delay(this_dev->HALF_CLK_CYCLE_US);
 531              		.loc 1 85 0
 532 0046 0F4B     		ldr	r3, .L33
 533 0048 1B68     		ldr	r3, [r3]
 534 004a 5B6A     		ldr	r3, [r3, #36]
 535 004c 1846     		mov	r0, r3
 536 004e FFF7FEFF 		bl	softi2c_delay
  86:../bl/softi2c.c **** 		this_dev->SCL_CLR();
 537              		.loc 1 86 0
 538 0052 0C4B     		ldr	r3, .L33
 539 0054 1B68     		ldr	r3, [r3]
 540 0056 5B68     		ldr	r3, [r3, #4]
 541 0058 9847     		blx	r3
  87:../bl/softi2c.c **** 		softi2c_delay(this_dev->HALF_CLK_CYCLE_US);
 542              		.loc 1 87 0
 543 005a 0A4B     		ldr	r3, .L33
 544 005c 1B68     		ldr	r3, [r3]
 545 005e 5B6A     		ldr	r3, [r3, #36]
 546 0060 1846     		mov	r0, r3
 547 0062 FFF7FEFF 		bl	softi2c_delay
  88:../bl/softi2c.c **** 		count--;
 548              		.loc 1 88 0
 549 0066 7B68     		ldr	r3, [r7, #4]
 550 0068 013B     		subs	r3, r3, #1
 551 006a 7B60     		str	r3, [r7, #4]
  89:../bl/softi2c.c **** 	} while (count);
 552              		.loc 1 89 0
 553 006c 7B68     		ldr	r3, [r7, #4]
 554 006e 002B     		cmp	r3, #0
 555 0070 D1D1     		bne	.L31
  90:../bl/softi2c.c **** 	this_dev->SDA_OUT();
 556              		.loc 1 90 0
 557 0072 044B     		ldr	r3, .L33
 558 0074 1B68     		ldr	r3, [r3]
 559 0076 9B69     		ldr	r3, [r3, #24]
 560 0078 9847     		blx	r3
  91:../bl/softi2c.c **** 	return temp;
 561              		.loc 1 91 0
 562 007a 3B68     		ldr	r3, [r7]
  92:../bl/softi2c.c **** }
 563              		.loc 1 92 0
 564 007c 1846     		mov	r0, r3
 565 007e 0837     		adds	r7, r7, #8
 566              		.cfi_def_cfa_offset 8
 567 0080 BD46     		mov	sp, r7
 568              		.cfi_def_cfa_register 13
 569              		@ sp needed
 570 0082 80BD     		pop	{r7, pc}
 571              	.L34:
 572              		.align	2
 573              	.L33:
 574 0084 00000000 		.word	this_dev
 575              		.cfi_endproc
 576              	.LFE7:
 578              		.section	.text.softi2c_send_ack,"ax",%progbits
 579              		.align	2
 580              		.global	softi2c_send_ack
 581              		.thumb
 582              		.thumb_func
 584              	softi2c_send_ack:
 585              	.LFB8:
  93:../bl/softi2c.c **** 
  94:../bl/softi2c.c **** void softi2c_send_ack() {
 586              		.loc 1 94 0
 587              		.cfi_startproc
 588              		@ args = 0, pretend = 0, frame = 0
 589              		@ frame_needed = 1, uses_anonymous_args = 0
 590 0000 80B5     		push	{r7, lr}
 591              		.cfi_def_cfa_offset 8
 592              		.cfi_offset 7, -8
 593              		.cfi_offset 14, -4
 594 0002 00AF     		add	r7, sp, #0
 595              		.cfi_def_cfa_register 7
  95:../bl/softi2c.c **** 	this_dev->SDA_CLR();
 596              		.loc 1 95 0
 597 0004 114B     		ldr	r3, .L36
 598 0006 1B68     		ldr	r3, [r3]
 599 0008 5B69     		ldr	r3, [r3, #20]
 600 000a 9847     		blx	r3
  96:../bl/softi2c.c **** 	this_dev->SCL_CLR();
 601              		.loc 1 96 0
 602 000c 0F4B     		ldr	r3, .L36
 603 000e 1B68     		ldr	r3, [r3]
 604 0010 5B68     		ldr	r3, [r3, #4]
 605 0012 9847     		blx	r3
  97:../bl/softi2c.c **** 	softi2c_delay(this_dev->HALF_CLK_CYCLE_US);
 606              		.loc 1 97 0
 607 0014 0D4B     		ldr	r3, .L36
 608 0016 1B68     		ldr	r3, [r3]
 609 0018 5B6A     		ldr	r3, [r3, #36]
 610 001a 1846     		mov	r0, r3
 611 001c FFF7FEFF 		bl	softi2c_delay
  98:../bl/softi2c.c **** 	this_dev->SCL_SET();
 612              		.loc 1 98 0
 613 0020 0A4B     		ldr	r3, .L36
 614 0022 1B68     		ldr	r3, [r3]
 615 0024 1B68     		ldr	r3, [r3]
 616 0026 9847     		blx	r3
  99:../bl/softi2c.c **** 	softi2c_delay(this_dev->HALF_CLK_CYCLE_US);
 617              		.loc 1 99 0
 618 0028 084B     		ldr	r3, .L36
 619 002a 1B68     		ldr	r3, [r3]
 620 002c 5B6A     		ldr	r3, [r3, #36]
 621 002e 1846     		mov	r0, r3
 622 0030 FFF7FEFF 		bl	softi2c_delay
 100:../bl/softi2c.c **** 	this_dev->SCL_CLR();
 623              		.loc 1 100 0
 624 0034 054B     		ldr	r3, .L36
 625 0036 1B68     		ldr	r3, [r3]
 626 0038 5B68     		ldr	r3, [r3, #4]
 627 003a 9847     		blx	r3
 101:../bl/softi2c.c **** 	softi2c_delay(this_dev->HALF_CLK_CYCLE_US);
 628              		.loc 1 101 0
 629 003c 034B     		ldr	r3, .L36
 630 003e 1B68     		ldr	r3, [r3]
 631 0040 5B6A     		ldr	r3, [r3, #36]
 632 0042 1846     		mov	r0, r3
 633 0044 FFF7FEFF 		bl	softi2c_delay
 102:../bl/softi2c.c **** }
 634              		.loc 1 102 0
 635 0048 80BD     		pop	{r7, pc}
 636              	.L37:
 637 004a 00BF     		.align	2
 638              	.L36:
 639 004c 00000000 		.word	this_dev
 640              		.cfi_endproc
 641              	.LFE8:
 643              		.section	.text.softi2c_send_noack,"ax",%progbits
 644              		.align	2
 645              		.global	softi2c_send_noack
 646              		.thumb
 647              		.thumb_func
 649              	softi2c_send_noack:
 650              	.LFB9:
 103:../bl/softi2c.c **** 
 104:../bl/softi2c.c **** void softi2c_send_noack() {
 651              		.loc 1 104 0
 652              		.cfi_startproc
 653              		@ args = 0, pretend = 0, frame = 0
 654              		@ frame_needed = 1, uses_anonymous_args = 0
 655 0000 80B5     		push	{r7, lr}
 656              		.cfi_def_cfa_offset 8
 657              		.cfi_offset 7, -8
 658              		.cfi_offset 14, -4
 659 0002 00AF     		add	r7, sp, #0
 660              		.cfi_def_cfa_register 7
 105:../bl/softi2c.c **** //send a no ack bit
 106:../bl/softi2c.c **** 	this_dev->SDA_SET();
 661              		.loc 1 106 0
 662 0004 114B     		ldr	r3, .L39
 663 0006 1B68     		ldr	r3, [r3]
 664 0008 1B69     		ldr	r3, [r3, #16]
 665 000a 9847     		blx	r3
 107:../bl/softi2c.c **** 	this_dev->SCL_CLR();
 666              		.loc 1 107 0
 667 000c 0F4B     		ldr	r3, .L39
 668 000e 1B68     		ldr	r3, [r3]
 669 0010 5B68     		ldr	r3, [r3, #4]
 670 0012 9847     		blx	r3
 108:../bl/softi2c.c **** 	softi2c_delay(this_dev->HALF_CLK_CYCLE_US);
 671              		.loc 1 108 0
 672 0014 0D4B     		ldr	r3, .L39
 673 0016 1B68     		ldr	r3, [r3]
 674 0018 5B6A     		ldr	r3, [r3, #36]
 675 001a 1846     		mov	r0, r3
 676 001c FFF7FEFF 		bl	softi2c_delay
 109:../bl/softi2c.c **** 	this_dev->SCL_SET();
 677              		.loc 1 109 0
 678 0020 0A4B     		ldr	r3, .L39
 679 0022 1B68     		ldr	r3, [r3]
 680 0024 1B68     		ldr	r3, [r3]
 681 0026 9847     		blx	r3
 110:../bl/softi2c.c **** 	softi2c_delay(this_dev->HALF_CLK_CYCLE_US);
 682              		.loc 1 110 0
 683 0028 084B     		ldr	r3, .L39
 684 002a 1B68     		ldr	r3, [r3]
 685 002c 5B6A     		ldr	r3, [r3, #36]
 686 002e 1846     		mov	r0, r3
 687 0030 FFF7FEFF 		bl	softi2c_delay
 111:../bl/softi2c.c **** 	this_dev->SCL_CLR();
 688              		.loc 1 111 0
 689 0034 054B     		ldr	r3, .L39
 690 0036 1B68     		ldr	r3, [r3]
 691 0038 5B68     		ldr	r3, [r3, #4]
 692 003a 9847     		blx	r3
 112:../bl/softi2c.c **** 	softi2c_delay(this_dev->HALF_CLK_CYCLE_US);
 693              		.loc 1 112 0
 694 003c 034B     		ldr	r3, .L39
 695 003e 1B68     		ldr	r3, [r3]
 696 0040 5B6A     		ldr	r3, [r3, #36]
 697 0042 1846     		mov	r0, r3
 698 0044 FFF7FEFF 		bl	softi2c_delay
 113:../bl/softi2c.c **** }
 699              		.loc 1 113 0
 700 0048 80BD     		pop	{r7, pc}
 701              	.L40:
 702 004a 00BF     		.align	2
 703              	.L39:
 704 004c 00000000 		.word	this_dev
 705              		.cfi_endproc
 706              	.LFE9:
 708              		.section	.text.softi2c_send_data,"ax",%progbits
 709              		.align	2
 710              		.global	softi2c_send_data
 711              		.thumb
 712              		.thumb_func
 714              	softi2c_send_data:
 715              	.LFB10:
 114:../bl/softi2c.c **** 
 115:../bl/softi2c.c **** void softi2c_send_data(unsigned chipaddr, unsigned dataaddr, unsigned datanum,
 116:../bl/softi2c.c **** 		const uint8_t *data) {
 716              		.loc 1 116 0
 717              		.cfi_startproc
 718              		@ args = 0, pretend = 0, frame = 24
 719              		@ frame_needed = 1, uses_anonymous_args = 0
 720 0000 80B5     		push	{r7, lr}
 721              		.cfi_def_cfa_offset 8
 722              		.cfi_offset 7, -8
 723              		.cfi_offset 14, -4
 724 0002 86B0     		sub	sp, sp, #24
 725              		.cfi_def_cfa_offset 32
 726 0004 00AF     		add	r7, sp, #0
 727              		.cfi_def_cfa_register 7
 728 0006 F860     		str	r0, [r7, #12]
 729 0008 B960     		str	r1, [r7, #8]
 730 000a 7A60     		str	r2, [r7, #4]
 731 000c 3B60     		str	r3, [r7]
 117:../bl/softi2c.c **** 	unsigned i = 0;
 732              		.loc 1 117 0
 733 000e 0023     		movs	r3, #0
 734 0010 7B61     		str	r3, [r7, #20]
 118:../bl/softi2c.c **** 	softi2c_start();
 735              		.loc 1 118 0
 736 0012 FFF7FEFF 		bl	softi2c_start
 119:../bl/softi2c.c **** 	softi2c_send_byte(chipaddr & (~0x01));  // chip address
 737              		.loc 1 119 0
 738 0016 FB68     		ldr	r3, [r7, #12]
 739 0018 23F00103 		bic	r3, r3, #1
 740 001c 1846     		mov	r0, r3
 741 001e FFF7FEFF 		bl	softi2c_send_byte
 120:../bl/softi2c.c **** 	if (softi2c_check_ack()) {
 742              		.loc 1 120 0
 743 0022 FFF7FEFF 		bl	softi2c_check_ack
 744 0026 0346     		mov	r3, r0
 745 0028 002B     		cmp	r3, #0
 746 002a 1BD0     		beq	.L42
 121:../bl/softi2c.c **** 		softi2c_send_byte(dataaddr);     // data address
 747              		.loc 1 121 0
 748 002c B868     		ldr	r0, [r7, #8]
 749 002e FFF7FEFF 		bl	softi2c_send_byte
 122:../bl/softi2c.c **** 		if (softi2c_check_ack()) {
 750              		.loc 1 122 0
 751 0032 FFF7FEFF 		bl	softi2c_check_ack
 752 0036 0346     		mov	r3, r0
 753 0038 002B     		cmp	r3, #0
 754 003a 13D0     		beq	.L42
 123:../bl/softi2c.c **** 			while (i < datanum) {
 755              		.loc 1 123 0
 756 003c 0EE0     		b	.L43
 757              	.L44:
 124:../bl/softi2c.c **** 				softi2c_send_byte(data[i++]); // temp hide
 758              		.loc 1 124 0
 759 003e 7B69     		ldr	r3, [r7, #20]
 760 0040 5A1C     		adds	r2, r3, #1
 761 0042 7A61     		str	r2, [r7, #20]
 762 0044 3A68     		ldr	r2, [r7]
 763 0046 1344     		add	r3, r3, r2
 764 0048 1B78     		ldrb	r3, [r3]	@ zero_extendqisi2
 765 004a 1846     		mov	r0, r3
 766 004c FFF7FEFF 		bl	softi2c_send_byte
 125:../bl/softi2c.c **** 				if (softi2c_check_ack() == 0)
 767              		.loc 1 125 0
 768 0050 FFF7FEFF 		bl	softi2c_check_ack
 769 0054 0346     		mov	r3, r0
 770 0056 002B     		cmp	r3, #0
 771 0058 00D1     		bne	.L43
 126:../bl/softi2c.c **** 					break;
 772              		.loc 1 126 0
 773 005a 03E0     		b	.L42
 774              	.L43:
 123:../bl/softi2c.c **** 				softi2c_send_byte(data[i++]); // temp hide
 775              		.loc 1 123 0
 776 005c 7A69     		ldr	r2, [r7, #20]
 777 005e 7B68     		ldr	r3, [r7, #4]
 778 0060 9A42     		cmp	r2, r3
 779 0062 ECD3     		bcc	.L44
 780              	.L42:
 127:../bl/softi2c.c **** 			}
 128:../bl/softi2c.c **** 		}
 129:../bl/softi2c.c **** 	}
 130:../bl/softi2c.c **** 	softi2c_stop(this_dev);
 781              		.loc 1 130 0
 782 0064 054B     		ldr	r3, .L45
 783 0066 1B68     		ldr	r3, [r3]
 784 0068 1846     		mov	r0, r3
 785 006a FFF7FEFF 		bl	softi2c_stop
 131:../bl/softi2c.c **** 	softi2c_delay(10);
 786              		.loc 1 131 0
 787 006e 0A20     		movs	r0, #10
 788 0070 FFF7FEFF 		bl	softi2c_delay
 132:../bl/softi2c.c **** }
 789              		.loc 1 132 0
 790 0074 1837     		adds	r7, r7, #24
 791              		.cfi_def_cfa_offset 8
 792 0076 BD46     		mov	sp, r7
 793              		.cfi_def_cfa_register 13
 794              		@ sp needed
 795 0078 80BD     		pop	{r7, pc}
 796              	.L46:
 797 007a 00BF     		.align	2
 798              	.L45:
 799 007c 00000000 		.word	this_dev
 800              		.cfi_endproc
 801              	.LFE10:
 803              		.section	.text.softi2c_read_data,"ax",%progbits
 804              		.align	2
 805              		.global	softi2c_read_data
 806              		.thumb
 807              		.thumb_func
 809              	softi2c_read_data:
 810              	.LFB11:
 133:../bl/softi2c.c **** 
 134:../bl/softi2c.c **** int softi2c_read_data(unsigned chipaddr,unsigned dataaddr, unsigned datanum,
 135:../bl/softi2c.c **** 		uint8_t *data) {
 811              		.loc 1 135 0
 812              		.cfi_startproc
 813              		@ args = 0, pretend = 0, frame = 24
 814              		@ frame_needed = 1, uses_anonymous_args = 0
 815 0000 90B5     		push	{r4, r7, lr}
 816              		.cfi_def_cfa_offset 12
 817              		.cfi_offset 4, -12
 818              		.cfi_offset 7, -8
 819              		.cfi_offset 14, -4
 820 0002 87B0     		sub	sp, sp, #28
 821              		.cfi_def_cfa_offset 40
 822 0004 00AF     		add	r7, sp, #0
 823              		.cfi_def_cfa_register 7
 824 0006 F860     		str	r0, [r7, #12]
 825 0008 B960     		str	r1, [r7, #8]
 826 000a 7A60     		str	r2, [r7, #4]
 827 000c 3B60     		str	r3, [r7]
 136:../bl/softi2c.c **** 	unsigned i = 0;
 828              		.loc 1 136 0
 829 000e 0023     		movs	r3, #0
 830 0010 7B61     		str	r3, [r7, #20]
 137:../bl/softi2c.c **** 	softi2c_start();
 831              		.loc 1 137 0
 832 0012 FFF7FEFF 		bl	softi2c_start
 138:../bl/softi2c.c **** 	softi2c_send_byte(chipaddr);  // eprom address
 833              		.loc 1 138 0
 834 0016 F868     		ldr	r0, [r7, #12]
 835 0018 FFF7FEFF 		bl	softi2c_send_byte
 139:../bl/softi2c.c **** 	if (softi2c_check_ack()) {
 836              		.loc 1 139 0
 837 001c FFF7FEFF 		bl	softi2c_check_ack
 838 0020 0346     		mov	r3, r0
 839 0022 002B     		cmp	r3, #0
 840 0024 2ED0     		beq	.L48
 140:../bl/softi2c.c **** 		softi2c_send_byte(dataaddr);     // data address
 841              		.loc 1 140 0
 842 0026 B868     		ldr	r0, [r7, #8]
 843 0028 FFF7FEFF 		bl	softi2c_send_byte
 141:../bl/softi2c.c **** 		if (softi2c_check_ack()) {
 844              		.loc 1 141 0
 845 002c FFF7FEFF 		bl	softi2c_check_ack
 846 0030 0346     		mov	r3, r0
 847 0032 002B     		cmp	r3, #0
 848 0034 26D0     		beq	.L48
 142:../bl/softi2c.c **** 			softi2c_start();
 849              		.loc 1 142 0
 850 0036 FFF7FEFF 		bl	softi2c_start
 143:../bl/softi2c.c **** 			softi2c_send_byte(chipaddr | 0x01);
 851              		.loc 1 143 0
 852 003a FB68     		ldr	r3, [r7, #12]
 853 003c 43F00103 		orr	r3, r3, #1
 854 0040 1846     		mov	r0, r3
 855 0042 FFF7FEFF 		bl	softi2c_send_byte
 144:../bl/softi2c.c **** 			if (softi2c_check_ack()) {
 856              		.loc 1 144 0
 857 0046 FFF7FEFF 		bl	softi2c_check_ack
 858 004a 0346     		mov	r3, r0
 859 004c 002B     		cmp	r3, #0
 860 004e 19D0     		beq	.L48
 145:../bl/softi2c.c **** 				while (i < datanum) {
 861              		.loc 1 145 0
 862 0050 12E0     		b	.L49
 863              	.L51:
 146:../bl/softi2c.c **** 					data[i++] = softi2c_read_byte();   // temp hide
 864              		.loc 1 146 0
 865 0052 7B69     		ldr	r3, [r7, #20]
 866 0054 5A1C     		adds	r2, r3, #1
 867 0056 7A61     		str	r2, [r7, #20]
 868 0058 3A68     		ldr	r2, [r7]
 869 005a D418     		adds	r4, r2, r3
 870 005c FFF7FEFF 		bl	softi2c_read_byte
 871 0060 0346     		mov	r3, r0
 872 0062 DBB2     		uxtb	r3, r3
 873 0064 2370     		strb	r3, [r4]
 147:../bl/softi2c.c **** 					if (i == datanum)
 874              		.loc 1 147 0
 875 0066 7A69     		ldr	r2, [r7, #20]
 876 0068 7B68     		ldr	r3, [r7, #4]
 877 006a 9A42     		cmp	r2, r3
 878 006c 02D1     		bne	.L50
 148:../bl/softi2c.c **** 						softi2c_send_noack();
 879              		.loc 1 148 0
 880 006e FFF7FEFF 		bl	softi2c_send_noack
 881 0072 01E0     		b	.L49
 882              	.L50:
 149:../bl/softi2c.c **** 					else
 150:../bl/softi2c.c **** 						softi2c_send_ack();
 883              		.loc 1 150 0
 884 0074 FFF7FEFF 		bl	softi2c_send_ack
 885              	.L49:
 145:../bl/softi2c.c **** 					data[i++] = softi2c_read_byte();   // temp hide
 886              		.loc 1 145 0
 887 0078 7A69     		ldr	r2, [r7, #20]
 888 007a 7B68     		ldr	r3, [r7, #4]
 889 007c 9A42     		cmp	r2, r3
 890 007e E8D3     		bcc	.L51
 151:../bl/softi2c.c **** 				}
 152:../bl/softi2c.c **** 				return 0;
 891              		.loc 1 152 0
 892 0080 0023     		movs	r3, #0
 893 0082 03E0     		b	.L52
 894              	.L48:
 153:../bl/softi2c.c **** 			}
 154:../bl/softi2c.c **** 		}
 155:../bl/softi2c.c **** 	}
 156:../bl/softi2c.c **** 	softi2c_stop();
 895              		.loc 1 156 0
 896 0084 FFF7FEFF 		bl	softi2c_stop
 157:../bl/softi2c.c **** 	return -1;
 897              		.loc 1 157 0
 898 0088 4FF0FF33 		mov	r3, #-1
 899              	.L52:
 158:../bl/softi2c.c **** }
 900              		.loc 1 158 0
 901 008c 1846     		mov	r0, r3
 902 008e 1C37     		adds	r7, r7, #28
 903              		.cfi_def_cfa_offset 12
 904 0090 BD46     		mov	sp, r7
 905              		.cfi_def_cfa_register 13
 906              		@ sp needed
 907 0092 90BD     		pop	{r4, r7, pc}
 908              		.cfi_endproc
 909              	.LFE11:
 911              		.text
 912              	.Letext0:
 913              		.file 2 "../bl/softi2c.h"
 914              		.file 3 "/home/houxd/prog/NXP/S32DS_ARM_v2.0/S32DS/arm_ewl2/EWL_C/include/cstdint"
DEFINED SYMBOLS
                            *ABS*:00000000 softi2c.c
     /tmp/cczUB5XQ.s:21     .bss.this_dev:00000000 $d
     /tmp/cczUB5XQ.s:24     .bss.this_dev:00000000 this_dev
     /tmp/cczUB5XQ.s:27     .text.softi2c_delay:00000000 $t
     /tmp/cczUB5XQ.s:31     .text.softi2c_delay:00000000 softi2c_delay
     /tmp/cczUB5XQ.s:90     .text.softi2c_test_delay_1s:00000000 $t
     /tmp/cczUB5XQ.s:95     .text.softi2c_test_delay_1s:00000000 softi2c_test_delay_1s
     /tmp/cczUB5XQ.s:115    .text.softi2c_test_delay_1s:0000000c $d
     /tmp/cczUB5XQ.s:120    .text.softi2c_init_io:00000000 $t
     /tmp/cczUB5XQ.s:125    .text.softi2c_init_io:00000000 softi2c_init_io
     /tmp/cczUB5XQ.s:164    .text.softi2c_init_io:00000024 $d
     /tmp/cczUB5XQ.s:169    .text.softi2c_start:00000000 $t
     /tmp/cczUB5XQ.s:174    .text.softi2c_start:00000000 softi2c_start
     /tmp/cczUB5XQ.s:229    .text.softi2c_start:0000004c $d
     /tmp/cczUB5XQ.s:234    .text.softi2c_stop:00000000 $t
     /tmp/cczUB5XQ.s:239    .text.softi2c_stop:00000000 softi2c_stop
     /tmp/cczUB5XQ.s:283    .text.softi2c_stop:00000038 $d
     /tmp/cczUB5XQ.s:288    .text.softi2c_send_byte:00000000 $t
     /tmp/cczUB5XQ.s:293    .text.softi2c_send_byte:00000000 softi2c_send_byte
     /tmp/cczUB5XQ.s:377    .text.softi2c_send_byte:0000006c $d
     /tmp/cczUB5XQ.s:382    .text.softi2c_check_ack:00000000 $t
     /tmp/cczUB5XQ.s:387    .text.softi2c_check_ack:00000000 softi2c_check_ack
     /tmp/cczUB5XQ.s:468    .text.softi2c_check_ack:0000006c $d
     /tmp/cczUB5XQ.s:473    .text.softi2c_read_byte:00000000 $t
     /tmp/cczUB5XQ.s:478    .text.softi2c_read_byte:00000000 softi2c_read_byte
     /tmp/cczUB5XQ.s:574    .text.softi2c_read_byte:00000084 $d
     /tmp/cczUB5XQ.s:579    .text.softi2c_send_ack:00000000 $t
     /tmp/cczUB5XQ.s:584    .text.softi2c_send_ack:00000000 softi2c_send_ack
     /tmp/cczUB5XQ.s:639    .text.softi2c_send_ack:0000004c $d
     /tmp/cczUB5XQ.s:644    .text.softi2c_send_noack:00000000 $t
     /tmp/cczUB5XQ.s:649    .text.softi2c_send_noack:00000000 softi2c_send_noack
     /tmp/cczUB5XQ.s:704    .text.softi2c_send_noack:0000004c $d
     /tmp/cczUB5XQ.s:709    .text.softi2c_send_data:00000000 $t
     /tmp/cczUB5XQ.s:714    .text.softi2c_send_data:00000000 softi2c_send_data
     /tmp/cczUB5XQ.s:799    .text.softi2c_send_data:0000007c $d
     /tmp/cczUB5XQ.s:804    .text.softi2c_read_data:00000000 $t
     /tmp/cczUB5XQ.s:809    .text.softi2c_read_data:00000000 softi2c_read_data
                     .debug_frame:00000010 $d
                           .group:00000000 wm4.0.728a2e6911dc01ff85c2d70c52e8fae1
                           .group:00000000 wm4.lib_c99.prefix.8.3580c292f50811c682d980dc4180498e
                           .group:00000000 wm4.common.prefix.16.d7bf937cdf46fd76dde96b376e3b328a
                           .group:00000000 wm4.ewl_c_version.h.9.0bcb57d6a3f89baae1f9b121de2772f5
                           .group:00000000 wm4.os_enum.h.9.f9446d6af68b3fa72a37d4d924d3b347
                           .group:00000000 wm4.ansi_prefix.ARM.h.13.4b23f4c654df3c3277534542f67d200c
                           .group:00000000 wm4.ansi_parms.h.64.90aed58330fdde08746db908036e1f37
                           .group:00000000 wm4.limits_api.h.9.bc6daa20b3abae2bba6c512044e73b43
                           .group:00000000 wm4.ewl_lib_ext1.h.14.f9b057cc049671136093886db2a3473f
                           .group:00000000 wm4.cstdint.134.0ece0ba0ee759ce9e45a8fa510ec0d93
                           .group:00000000 wm4.wchar_t.h.9.94198016f5b5f455e54ea1f3f054b416
                           .group:00000000 wm4.cstdint.246.0573fcc3ea2319479988f90b448d87e4

NO UNDEFINED SYMBOLS
