   1              		.syntax unified
   2              		.cpu cortex-m4
   3              		.eabi_attribute 27, 1
   4              		.eabi_attribute 28, 1
   5              		.fpu fpv4-sp-d16
   6              		.eabi_attribute 20, 1
   7              		.eabi_attribute 21, 1
   8              		.eabi_attribute 23, 3
   9              		.eabi_attribute 24, 1
  10              		.eabi_attribute 25, 1
  11              		.eabi_attribute 26, 1
  12              		.eabi_attribute 30, 6
  13              		.eabi_attribute 34, 1
  14              		.eabi_attribute 18, 4
  15              		.thumb
  16              		.file	"ccsbcs.c"
  17              		.text
  18              	.Ltext0:
  19              		.cfi_sections	.debug_frame
  20              		.section	.rodata.Tbl,"a",%progbits
  21              		.align	2
  24              	Tbl:
  25 0000 C700     		.short	199
  26 0002 FC00     		.short	252
  27 0004 E900     		.short	233
  28 0006 E200     		.short	226
  29 0008 E400     		.short	228
  30 000a E000     		.short	224
  31 000c E500     		.short	229
  32 000e E700     		.short	231
  33 0010 EA00     		.short	234
  34 0012 EB00     		.short	235
  35 0014 E800     		.short	232
  36 0016 EF00     		.short	239
  37 0018 EE00     		.short	238
  38 001a EC00     		.short	236
  39 001c C400     		.short	196
  40 001e C500     		.short	197
  41 0020 C900     		.short	201
  42 0022 E600     		.short	230
  43 0024 C600     		.short	198
  44 0026 F400     		.short	244
  45 0028 F600     		.short	246
  46 002a F200     		.short	242
  47 002c FB00     		.short	251
  48 002e F900     		.short	249
  49 0030 FF00     		.short	255
  50 0032 D600     		.short	214
  51 0034 DC00     		.short	220
  52 0036 F800     		.short	248
  53 0038 A300     		.short	163
  54 003a D800     		.short	216
  55 003c D700     		.short	215
  56 003e 9201     		.short	402
  57 0040 E100     		.short	225
  58 0042 ED00     		.short	237
  59 0044 F300     		.short	243
  60 0046 FA00     		.short	250
  61 0048 F100     		.short	241
  62 004a D100     		.short	209
  63 004c AA00     		.short	170
  64 004e BA00     		.short	186
  65 0050 BF00     		.short	191
  66 0052 AE00     		.short	174
  67 0054 AC00     		.short	172
  68 0056 BD00     		.short	189
  69 0058 BC00     		.short	188
  70 005a A100     		.short	161
  71 005c AB00     		.short	171
  72 005e BB00     		.short	187
  73 0060 9125     		.short	9617
  74 0062 9225     		.short	9618
  75 0064 9325     		.short	9619
  76 0066 0225     		.short	9474
  77 0068 2425     		.short	9508
  78 006a C100     		.short	193
  79 006c C200     		.short	194
  80 006e C000     		.short	192
  81 0070 A900     		.short	169
  82 0072 6325     		.short	9571
  83 0074 5125     		.short	9553
  84 0076 5725     		.short	9559
  85 0078 5D25     		.short	9565
  86 007a A200     		.short	162
  87 007c A500     		.short	165
  88 007e 1025     		.short	9488
  89 0080 1425     		.short	9492
  90 0082 3425     		.short	9524
  91 0084 2C25     		.short	9516
  92 0086 1C25     		.short	9500
  93 0088 0025     		.short	9472
  94 008a 3C25     		.short	9532
  95 008c E300     		.short	227
  96 008e C300     		.short	195
  97 0090 5A25     		.short	9562
  98 0092 5425     		.short	9556
  99 0094 6925     		.short	9577
 100 0096 6625     		.short	9574
 101 0098 6025     		.short	9568
 102 009a 5025     		.short	9552
 103 009c 6C25     		.short	9580
 104 009e A400     		.short	164
 105 00a0 F000     		.short	240
 106 00a2 D000     		.short	208
 107 00a4 CA00     		.short	202
 108 00a6 CB00     		.short	203
 109 00a8 C800     		.short	200
 110 00aa 3101     		.short	305
 111 00ac CD00     		.short	205
 112 00ae CE00     		.short	206
 113 00b0 CF00     		.short	207
 114 00b2 1825     		.short	9496
 115 00b4 0C25     		.short	9484
 116 00b6 8825     		.short	9608
 117 00b8 8425     		.short	9604
 118 00ba A600     		.short	166
 119 00bc CC00     		.short	204
 120 00be 8025     		.short	9600
 121 00c0 D300     		.short	211
 122 00c2 DF00     		.short	223
 123 00c4 D400     		.short	212
 124 00c6 D200     		.short	210
 125 00c8 F500     		.short	245
 126 00ca D500     		.short	213
 127 00cc B500     		.short	181
 128 00ce FE00     		.short	254
 129 00d0 DE00     		.short	222
 130 00d2 DA00     		.short	218
 131 00d4 DB00     		.short	219
 132 00d6 D900     		.short	217
 133 00d8 FD00     		.short	253
 134 00da DD00     		.short	221
 135 00dc AF00     		.short	175
 136 00de B400     		.short	180
 137 00e0 AD00     		.short	173
 138 00e2 B100     		.short	177
 139 00e4 1720     		.short	8215
 140 00e6 BE00     		.short	190
 141 00e8 B600     		.short	182
 142 00ea A700     		.short	167
 143 00ec F700     		.short	247
 144 00ee B800     		.short	184
 145 00f0 B000     		.short	176
 146 00f2 A800     		.short	168
 147 00f4 B700     		.short	183
 148 00f6 B900     		.short	185
 149 00f8 B300     		.short	179
 150 00fa B200     		.short	178
 151 00fc A025     		.short	9632
 152 00fe A000     		.short	160
 153              		.section	.text.ff_convert,"ax",%progbits
 154              		.align	2
 155              		.global	ff_convert
 156              		.thumb
 157              		.thumb_func
 159              	ff_convert:
 160              	.LFB0:
 161              		.file 1 "../fatfs/ccsbcs.c"
   1:../fatfs/ccsbcs.c **** /*------------------------------------------------------------------------*/
   2:../fatfs/ccsbcs.c **** /* Unicode - Local code bidirectional converter  (C)ChaN, 2012            */
   3:../fatfs/ccsbcs.c **** /* (SBCS code pages)                                                      */
   4:../fatfs/ccsbcs.c **** /*------------------------------------------------------------------------*/
   5:../fatfs/ccsbcs.c **** /*  437   U.S. (OEM)
   6:../fatfs/ccsbcs.c **** /   720   Arabic (OEM)
   7:../fatfs/ccsbcs.c **** /   1256  Arabic (Windows)
   8:../fatfs/ccsbcs.c **** /   737   Greek (OEM)
   9:../fatfs/ccsbcs.c **** /   1253  Greek (Windows)
  10:../fatfs/ccsbcs.c **** /   1250  Central Europe (Windows)
  11:../fatfs/ccsbcs.c **** /   775   Baltic (OEM)
  12:../fatfs/ccsbcs.c **** /   1257  Baltic (Windows)
  13:../fatfs/ccsbcs.c **** /   850   Multilingual Latin 1 (OEM)
  14:../fatfs/ccsbcs.c **** /   852   Latin 2 (OEM)
  15:../fatfs/ccsbcs.c **** /   1252  Latin 1 (Windows)
  16:../fatfs/ccsbcs.c **** /   855   Cyrillic (OEM)
  17:../fatfs/ccsbcs.c **** /   1251  Cyrillic (Windows)
  18:../fatfs/ccsbcs.c **** /   866   Russian (OEM)
  19:../fatfs/ccsbcs.c **** /   857   Turkish (OEM)
  20:../fatfs/ccsbcs.c **** /   1254  Turkish (Windows)
  21:../fatfs/ccsbcs.c **** /   858   Multilingual Latin 1 + Euro (OEM)
  22:../fatfs/ccsbcs.c **** /   862   Hebrew (OEM)
  23:../fatfs/ccsbcs.c **** /   1255  Hebrew (Windows)
  24:../fatfs/ccsbcs.c **** /   874   Thai (OEM, Windows)
  25:../fatfs/ccsbcs.c **** /   1258  Vietnam (OEM, Windows)
  26:../fatfs/ccsbcs.c **** */
  27:../fatfs/ccsbcs.c **** 
  28:../fatfs/ccsbcs.c **** #include "ff.h"
  29:../fatfs/ccsbcs.c **** 
  30:../fatfs/ccsbcs.c **** 
  31:../fatfs/ccsbcs.c **** #if _CODE_PAGE == 437
  32:../fatfs/ccsbcs.c **** #define _TBLDEF 1
  33:../fatfs/ccsbcs.c **** static
  34:../fatfs/ccsbcs.c **** const WCHAR Tbl[] = {	/*  CP437(0x80-0xFF) to Unicode conversion table */
  35:../fatfs/ccsbcs.c **** 	0x00C7, 0x00FC, 0x00E9, 0x00E2, 0x00E4, 0x00E0, 0x00E5, 0x00E7,
  36:../fatfs/ccsbcs.c **** 	0x00EA, 0x00EB, 0x00E8, 0x00EF, 0x00EE, 0x00EC, 0x00C4, 0x00C5,
  37:../fatfs/ccsbcs.c **** 	0x00C9, 0x00E6, 0x00C6, 0x00F4, 0x00F6, 0x00F2, 0x00FB, 0x00F9,
  38:../fatfs/ccsbcs.c **** 	0x00FF, 0x00D6, 0x00DC, 0x00A2, 0x00A3, 0x00A5, 0x20A7, 0x0192,
  39:../fatfs/ccsbcs.c **** 	0x00E1, 0x00ED, 0x00F3, 0x00FA, 0x00F1, 0x00D1, 0x00AA, 0x00BA,
  40:../fatfs/ccsbcs.c **** 	0x00BF, 0x2310, 0x00AC, 0x00BD, 0x00BC, 0x00A1, 0x00AB, 0x00BB,
  41:../fatfs/ccsbcs.c **** 	0x2591, 0x2592, 0x2593, 0x2502, 0x2524, 0x2561, 0x2562, 0x2556,
  42:../fatfs/ccsbcs.c **** 	0x2555, 0x2563, 0x2551, 0x2557, 0x255D, 0x255C, 0x255B, 0x2510,
  43:../fatfs/ccsbcs.c **** 	0x2514, 0x2534, 0x252C, 0x251C, 0x2500, 0x253C, 0x255E, 0x255F,
  44:../fatfs/ccsbcs.c **** 	0x255A, 0x2554, 0x2569, 0x2566, 0x2560, 0x2550, 0x256C, 0x2567,
  45:../fatfs/ccsbcs.c **** 	0x2568, 0x2564, 0x2565, 0x2559, 0x2558, 0x2552, 0x2553, 0x256B,
  46:../fatfs/ccsbcs.c **** 	0x256A, 0x2518, 0x250C, 0x2588, 0x2584, 0x258C, 0x2590, 0x2580,
  47:../fatfs/ccsbcs.c **** 	0x03B1, 0x00DF, 0x0393, 0x03C0, 0x03A3, 0x03C3, 0x00B5, 0x03C4,
  48:../fatfs/ccsbcs.c **** 	0x03A6, 0x0398, 0x03A9, 0x03B4, 0x221E, 0x03C6, 0x03B5, 0x2229,
  49:../fatfs/ccsbcs.c **** 	0x2261, 0x00B1, 0x2265, 0x2264, 0x2320, 0x2321, 0x00F7, 0x2248,
  50:../fatfs/ccsbcs.c **** 	0x00B0, 0x2219, 0x00B7, 0x221A, 0x207F, 0x00B2, 0x25A0, 0x00A0
  51:../fatfs/ccsbcs.c **** };
  52:../fatfs/ccsbcs.c **** 
  53:../fatfs/ccsbcs.c **** #elif _CODE_PAGE == 720
  54:../fatfs/ccsbcs.c **** #define _TBLDEF 1
  55:../fatfs/ccsbcs.c **** static
  56:../fatfs/ccsbcs.c **** const WCHAR Tbl[] = {	/*  CP720(0x80-0xFF) to Unicode conversion table */
  57:../fatfs/ccsbcs.c **** 	0x0000, 0x0000, 0x00E9, 0x00E2, 0x0000, 0x00E0, 0x0000, 0x00E7,
  58:../fatfs/ccsbcs.c **** 	0x00EA, 0x00EB, 0x00E8, 0x00EF, 0x00EE, 0x0000, 0x0000, 0x0000,
  59:../fatfs/ccsbcs.c **** 	0x0000, 0x0651, 0x0652, 0x00F4, 0x00A4, 0x0640, 0x00FB, 0x00F9,
  60:../fatfs/ccsbcs.c **** 	0x0621, 0x0622, 0x0623, 0x0624, 0x00A3, 0x0625, 0x0626, 0x0627,
  61:../fatfs/ccsbcs.c **** 	0x0628, 0x0629, 0x062A, 0x062B, 0x062C, 0x062D, 0x062E, 0x062F,
  62:../fatfs/ccsbcs.c **** 	0x0630, 0x0631, 0x0632, 0x0633, 0x0634, 0x0635, 0x00AB, 0x00BB,
  63:../fatfs/ccsbcs.c **** 	0x2591, 0x2592, 0x2593, 0x2502, 0x2524, 0x2561, 0x2562, 0x2556,
  64:../fatfs/ccsbcs.c **** 	0x2555, 0x2563, 0x2551, 0x2557, 0x255D, 0x255C, 0x255B, 0x2510,
  65:../fatfs/ccsbcs.c **** 	0x2514, 0x2534, 0x252C, 0x251C, 0x2500, 0x253C, 0x255E, 0x255F,
  66:../fatfs/ccsbcs.c **** 	0x255A, 0x2554, 0x2569, 0x2566, 0x2560, 0x2550, 0x256C, 0x2567,
  67:../fatfs/ccsbcs.c **** 	0x2568, 0x2564, 0x2565, 0x2559, 0x2558, 0x2552, 0x2553, 0x256B,
  68:../fatfs/ccsbcs.c **** 	0x256A, 0x2518, 0x250C, 0x2588, 0x2584, 0x258C, 0x2590, 0x2580,
  69:../fatfs/ccsbcs.c **** 	0x0636, 0x0637, 0x0638, 0x0639, 0x063A, 0x0641, 0x00B5, 0x0642,
  70:../fatfs/ccsbcs.c **** 	0x0643, 0x0644, 0x0645, 0x0646, 0x0647, 0x0648, 0x0649, 0x064A,
  71:../fatfs/ccsbcs.c **** 	0x2261, 0x064B, 0x064C, 0x064D, 0x064E, 0x064F, 0x0650, 0x2248,
  72:../fatfs/ccsbcs.c **** 	0x00B0, 0x2219, 0x00B7, 0x221A, 0x207F, 0x00B2, 0x25A0, 0x00A0
  73:../fatfs/ccsbcs.c **** };
  74:../fatfs/ccsbcs.c **** 
  75:../fatfs/ccsbcs.c **** #elif _CODE_PAGE == 737
  76:../fatfs/ccsbcs.c **** #define _TBLDEF 1
  77:../fatfs/ccsbcs.c **** static
  78:../fatfs/ccsbcs.c **** const WCHAR Tbl[] = {	/*  CP737(0x80-0xFF) to Unicode conversion table */
  79:../fatfs/ccsbcs.c **** 	0x0391, 0x0392, 0x0393, 0x0394, 0x0395, 0x0396, 0x0397, 0x0398,
  80:../fatfs/ccsbcs.c **** 	0x0399, 0x039A, 0x039B, 0x039C, 0x039D, 0x039E, 0x039F, 0x03A0,
  81:../fatfs/ccsbcs.c **** 	0x03A1, 0x03A3, 0x03A4, 0x03A5, 0x03A6, 0x03A7, 0x03A8, 0x03A9,
  82:../fatfs/ccsbcs.c **** 	0x03B1, 0x03B2, 0x03B3, 0x03B4, 0x03B5, 0x03B6, 0x03B7, 0x03B8,
  83:../fatfs/ccsbcs.c **** 	0x03B9, 0x03BA, 0x03BB, 0x03BC, 0x03BD, 0x03BE, 0x03BF, 0x03C0,
  84:../fatfs/ccsbcs.c **** 	0x03C1, 0x03C3, 0x03C2, 0x03C4, 0x03C5, 0x03C6, 0x03C7, 0x03C8,
  85:../fatfs/ccsbcs.c **** 	0x2591, 0x2592, 0x2593, 0x2502, 0x2524, 0x2561, 0x2562, 0x2556,
  86:../fatfs/ccsbcs.c **** 	0x2555, 0x2563, 0x2551, 0x2557, 0x255D, 0x255C, 0x255B, 0x2510,
  87:../fatfs/ccsbcs.c **** 	0x2514, 0x2534, 0x252C, 0x251C, 0x2500, 0x253C, 0x255E, 0x255F,
  88:../fatfs/ccsbcs.c **** 	0x255A, 0x2554, 0x2569, 0x2566, 0x2560, 0x2550, 0x256C, 0x2567,
  89:../fatfs/ccsbcs.c **** 	0x2568, 0x2564, 0x2565, 0x2559, 0x2558, 0x2552, 0x2553, 0x256B,
  90:../fatfs/ccsbcs.c **** 	0x256A, 0x2518, 0x250C, 0x2588, 0x2584, 0x258C, 0x2590, 0x2580,
  91:../fatfs/ccsbcs.c **** 	0x03C9, 0x03AC, 0x03AD, 0x03AE, 0x03CA, 0x03AF, 0x03CC, 0x03CD,
  92:../fatfs/ccsbcs.c **** 	0x03CB, 0x03CE, 0x0386, 0x0388, 0x0389, 0x038A, 0x038C, 0x038E,
  93:../fatfs/ccsbcs.c **** 	0x038F, 0x00B1, 0x2265, 0x2264, 0x03AA, 0x03AB, 0x00F7, 0x2248,
  94:../fatfs/ccsbcs.c **** 	0x00B0, 0x2219, 0x00B7, 0x221A, 0x207F, 0x00B2, 0x25A0, 0x00A0
  95:../fatfs/ccsbcs.c **** };
  96:../fatfs/ccsbcs.c **** 
  97:../fatfs/ccsbcs.c **** #elif _CODE_PAGE == 775
  98:../fatfs/ccsbcs.c **** #define _TBLDEF 1
  99:../fatfs/ccsbcs.c **** static
 100:../fatfs/ccsbcs.c **** const WCHAR Tbl[] = {	/*  CP775(0x80-0xFF) to Unicode conversion table */
 101:../fatfs/ccsbcs.c **** 	0x0106, 0x00FC, 0x00E9, 0x0101, 0x00E4, 0x0123, 0x00E5, 0x0107,
 102:../fatfs/ccsbcs.c **** 	0x0142, 0x0113, 0x0156, 0x0157, 0x012B, 0x0179, 0x00C4, 0x00C5,
 103:../fatfs/ccsbcs.c **** 	0x00C9, 0x00E6, 0x00C6, 0x014D, 0x00F6, 0x0122, 0x00A2, 0x015A,
 104:../fatfs/ccsbcs.c **** 	0x015B, 0x00D6, 0x00DC, 0x00F8, 0x00A3, 0x00D8, 0x00D7, 0x00A4,
 105:../fatfs/ccsbcs.c **** 	0x0100, 0x012A, 0x00F3, 0x017B, 0x017C, 0x017A, 0x201D, 0x00A6,
 106:../fatfs/ccsbcs.c **** 	0x00A9, 0x00AE, 0x00AC, 0x00BD, 0x00BC, 0x0141, 0x00AB, 0x00BB,
 107:../fatfs/ccsbcs.c **** 	0x2591, 0x2592, 0x2593, 0x2502, 0x2524, 0x0104, 0x010C, 0x0118,
 108:../fatfs/ccsbcs.c **** 	0x0116, 0x2563, 0x2551, 0x2557, 0x255D, 0x012E, 0x0160, 0x2510,
 109:../fatfs/ccsbcs.c **** 	0x2514, 0x2534, 0x252C, 0x251C, 0x2500, 0x253C, 0x0172, 0x016A,
 110:../fatfs/ccsbcs.c **** 	0x255A, 0x2554, 0x2569, 0x2566, 0x2560, 0x2550, 0x256C, 0x017D,
 111:../fatfs/ccsbcs.c **** 	0x0105, 0x010D, 0x0119, 0x0117, 0x012F, 0x0161, 0x0173, 0x016B,
 112:../fatfs/ccsbcs.c **** 	0x017E, 0x2518, 0x250C, 0x2588, 0x2584, 0x258C, 0x2590, 0x2580,
 113:../fatfs/ccsbcs.c **** 	0x00D3, 0x00DF, 0x014C, 0x0143, 0x00F5, 0x00D5, 0x00B5, 0x0144,
 114:../fatfs/ccsbcs.c **** 	0x0136, 0x0137, 0x013B, 0x013C, 0x0146, 0x0112, 0x0145, 0x2019,
 115:../fatfs/ccsbcs.c **** 	0x00AD, 0x00B1, 0x201C, 0x00BE, 0x00B6, 0x00A7, 0x00F7, 0x201E,
 116:../fatfs/ccsbcs.c **** 	0x00B0, 0x2219, 0x00B7, 0x00B9, 0x00B3, 0x00B2, 0x25A0, 0x00A0
 117:../fatfs/ccsbcs.c **** };
 118:../fatfs/ccsbcs.c **** 
 119:../fatfs/ccsbcs.c **** #elif _CODE_PAGE == 850
 120:../fatfs/ccsbcs.c **** #define _TBLDEF 1
 121:../fatfs/ccsbcs.c **** static
 122:../fatfs/ccsbcs.c **** const WCHAR Tbl[] = {	/*  CP850(0x80-0xFF) to Unicode conversion table */
 123:../fatfs/ccsbcs.c **** 	0x00C7, 0x00FC, 0x00E9, 0x00E2, 0x00E4, 0x00E0, 0x00E5, 0x00E7,
 124:../fatfs/ccsbcs.c **** 	0x00EA, 0x00EB, 0x00E8, 0x00EF, 0x00EE, 0x00EC, 0x00C4, 0x00C5,
 125:../fatfs/ccsbcs.c **** 	0x00C9, 0x00E6, 0x00C6, 0x00F4, 0x00F6, 0x00F2, 0x00FB, 0x00F9,
 126:../fatfs/ccsbcs.c **** 	0x00FF, 0x00D6, 0x00DC, 0x00F8, 0x00A3, 0x00D8, 0x00D7, 0x0192,
 127:../fatfs/ccsbcs.c **** 	0x00E1, 0x00ED, 0x00F3, 0x00FA, 0x00F1, 0x00D1, 0x00AA, 0x00BA,
 128:../fatfs/ccsbcs.c **** 	0x00BF, 0x00AE, 0x00AC, 0x00BD, 0x00BC, 0x00A1, 0x00AB, 0x00BB,
 129:../fatfs/ccsbcs.c **** 	0x2591, 0x2592, 0x2593, 0x2502, 0x2524, 0x00C1, 0x00C2, 0x00C0,
 130:../fatfs/ccsbcs.c **** 	0x00A9, 0x2563, 0x2551, 0x2557, 0x255D, 0x00A2, 0x00A5, 0x2510,
 131:../fatfs/ccsbcs.c **** 	0x2514, 0x2534, 0x252C, 0x251C, 0x2500, 0x253C, 0x00E3, 0x00C3,
 132:../fatfs/ccsbcs.c **** 	0x255A, 0x2554, 0x2569, 0x2566, 0x2560, 0x2550, 0x256C, 0x00A4,
 133:../fatfs/ccsbcs.c **** 	0x00F0, 0x00D0, 0x00CA, 0x00CB, 0x00C8, 0x0131, 0x00CD, 0x00CE,
 134:../fatfs/ccsbcs.c **** 	0x00CF, 0x2518, 0x250C, 0x2588, 0x2584, 0x00A6, 0x00CC, 0x2580,
 135:../fatfs/ccsbcs.c **** 	0x00D3, 0x00DF, 0x00D4, 0x00D2, 0x00F5, 0x00D5, 0x00B5, 0x00FE,
 136:../fatfs/ccsbcs.c **** 	0x00DE, 0x00DA, 0x00DB, 0x00D9, 0x00FD, 0x00DD, 0x00AF, 0x00B4,
 137:../fatfs/ccsbcs.c **** 	0x00AD, 0x00B1, 0x2017, 0x00BE, 0x00B6, 0x00A7, 0x00F7, 0x00B8,
 138:../fatfs/ccsbcs.c **** 	0x00B0, 0x00A8, 0x00B7, 0x00B9, 0x00B3, 0x00B2, 0x25A0, 0x00A0
 139:../fatfs/ccsbcs.c **** };
 140:../fatfs/ccsbcs.c **** 
 141:../fatfs/ccsbcs.c **** #elif _CODE_PAGE == 852
 142:../fatfs/ccsbcs.c **** #define _TBLDEF 1
 143:../fatfs/ccsbcs.c **** static
 144:../fatfs/ccsbcs.c **** const WCHAR Tbl[] = {	/*  CP852(0x80-0xFF) to Unicode conversion table */
 145:../fatfs/ccsbcs.c **** 	0x00C7, 0x00FC, 0x00E9, 0x00E2, 0x00E4, 0x016F, 0x0107, 0x00E7,
 146:../fatfs/ccsbcs.c **** 	0x0142, 0x00EB, 0x0150, 0x0151, 0x00EE, 0x0179, 0x00C4, 0x0106,
 147:../fatfs/ccsbcs.c **** 	0x00C9, 0x0139, 0x013A, 0x00F4, 0x00F6, 0x013D, 0x013E, 0x015A,
 148:../fatfs/ccsbcs.c **** 	0x015B, 0x00D6, 0x00DC, 0x0164, 0x0165, 0x0141, 0x00D7, 0x010D,
 149:../fatfs/ccsbcs.c **** 	0x00E1, 0x00ED, 0x00F3, 0x00FA, 0x0104, 0x0105, 0x017D, 0x017E,
 150:../fatfs/ccsbcs.c **** 	0x0118, 0x0119, 0x00AC, 0x017A, 0x010C, 0x015F, 0x00AB, 0x00BB,
 151:../fatfs/ccsbcs.c **** 	0x2591, 0x2592, 0x2593, 0x2502, 0x2524, 0x00C1, 0x00C2, 0x011A,
 152:../fatfs/ccsbcs.c **** 	0x015E, 0x2563, 0x2551, 0x2557, 0x255D, 0x017B, 0x017C, 0x2510,
 153:../fatfs/ccsbcs.c **** 	0x2514, 0x2534, 0x252C, 0x251C, 0x2500, 0x253C, 0x0102, 0x0103,
 154:../fatfs/ccsbcs.c **** 	0x255A, 0x2554, 0x2569, 0x2566, 0x2560, 0x2550, 0x256C, 0x00A4,
 155:../fatfs/ccsbcs.c **** 	0x0111, 0x0110, 0x010E, 0x00CB, 0x010F, 0x0147, 0x00CD, 0x00CE,
 156:../fatfs/ccsbcs.c **** 	0x011B, 0x2518, 0x250C, 0x2588, 0x2584, 0x0162, 0x016E, 0x2580,
 157:../fatfs/ccsbcs.c **** 	0x00D3, 0x00DF, 0x00D4, 0x0143, 0x0144, 0x0148, 0x0160, 0x0161,
 158:../fatfs/ccsbcs.c **** 	0x0154, 0x00DA, 0x0155, 0x0170, 0x00FD, 0x00DD, 0x0163, 0x00B4,
 159:../fatfs/ccsbcs.c **** 	0x00AD, 0x02DD, 0x02DB, 0x02C7, 0x02D8, 0x00A7, 0x00F7, 0x00B8,
 160:../fatfs/ccsbcs.c **** 	0x00B0, 0x00A8, 0x02D9, 0x0171, 0x0158, 0x0159, 0x25A0, 0x00A0
 161:../fatfs/ccsbcs.c **** };
 162:../fatfs/ccsbcs.c **** 
 163:../fatfs/ccsbcs.c **** #elif _CODE_PAGE == 855
 164:../fatfs/ccsbcs.c **** #define _TBLDEF 1
 165:../fatfs/ccsbcs.c **** static
 166:../fatfs/ccsbcs.c **** const WCHAR Tbl[] = {	/*  CP855(0x80-0xFF) to Unicode conversion table */
 167:../fatfs/ccsbcs.c **** 	0x0452, 0x0402, 0x0453, 0x0403, 0x0451, 0x0401, 0x0454, 0x0404,
 168:../fatfs/ccsbcs.c **** 	0x0455, 0x0405, 0x0456, 0x0406, 0x0457, 0x0407, 0x0458, 0x0408,
 169:../fatfs/ccsbcs.c **** 	0x0459, 0x0409, 0x045A, 0x040A, 0x045B, 0x040B, 0x045C, 0x040C,
 170:../fatfs/ccsbcs.c **** 	0x045E, 0x040E, 0x045F, 0x040F, 0x044E, 0x042E, 0x044A, 0x042A,
 171:../fatfs/ccsbcs.c **** 	0x0430, 0x0410, 0x0431, 0x0411, 0x0446, 0x0426, 0x0434, 0x0414,
 172:../fatfs/ccsbcs.c **** 	0x0435, 0x0415, 0x0444, 0x0424, 0x0433, 0x0413, 0x00AB, 0x00BB,
 173:../fatfs/ccsbcs.c **** 	0x2591, 0x2592, 0x2593, 0x2502, 0x2524, 0x0445, 0x0425, 0x0438,
 174:../fatfs/ccsbcs.c **** 	0x0418, 0x2563, 0x2551, 0x2557, 0x255D, 0x0439, 0x0419, 0x2510,
 175:../fatfs/ccsbcs.c **** 	0x2514, 0x2534, 0x252C, 0x251C, 0x2500, 0x253C, 0x043A, 0x041A,
 176:../fatfs/ccsbcs.c **** 	0x255A, 0x2554, 0x2569, 0x2566, 0x2560, 0x2550, 0x256C, 0x00A4,
 177:../fatfs/ccsbcs.c **** 	0x043B, 0x041B, 0x043C, 0x041C, 0x043D, 0x041D, 0x043E, 0x041E,
 178:../fatfs/ccsbcs.c **** 	0x043F, 0x2518, 0x250C, 0x2588, 0x2584, 0x041F, 0x044F, 0x2580,
 179:../fatfs/ccsbcs.c **** 	0x042F, 0x0440, 0x0420, 0x0441, 0x0421, 0x0442, 0x0422, 0x0443,
 180:../fatfs/ccsbcs.c **** 	0x0423, 0x0436, 0x0416, 0x0432, 0x0412, 0x044C, 0x042C, 0x2116,
 181:../fatfs/ccsbcs.c **** 	0x00AD, 0x044B, 0x042B, 0x0437, 0x0417, 0x0448, 0x0428, 0x044D,
 182:../fatfs/ccsbcs.c **** 	0x042D, 0x0449, 0x0429, 0x0447, 0x0427, 0x00A7, 0x25A0, 0x00A0
 183:../fatfs/ccsbcs.c **** };
 184:../fatfs/ccsbcs.c **** 
 185:../fatfs/ccsbcs.c **** #elif _CODE_PAGE == 857
 186:../fatfs/ccsbcs.c **** #define _TBLDEF 1
 187:../fatfs/ccsbcs.c **** static
 188:../fatfs/ccsbcs.c **** const WCHAR Tbl[] = {	/*  CP857(0x80-0xFF) to Unicode conversion table */
 189:../fatfs/ccsbcs.c **** 	0x00C7, 0x00FC, 0x00E9, 0x00E2, 0x00E4, 0x00E0, 0x00E5, 0x00E7,
 190:../fatfs/ccsbcs.c **** 	0x00EA, 0x00EB, 0x00E8, 0x00EF, 0x00EE, 0x0131, 0x00C4, 0x00C5,
 191:../fatfs/ccsbcs.c **** 	0x00C9, 0x00E6, 0x00C6, 0x00F4, 0x00F6, 0x00F2, 0x00FB, 0x00F9,
 192:../fatfs/ccsbcs.c **** 	0x0130, 0x00D6, 0x00DC, 0x00F8, 0x00A3, 0x00D8, 0x015E, 0x015F,
 193:../fatfs/ccsbcs.c **** 	0x00E1, 0x00ED, 0x00F3, 0x00FA, 0x00F1, 0x00D1, 0x011E, 0x011F,
 194:../fatfs/ccsbcs.c **** 	0x00BF, 0x00AE, 0x00AC, 0x00BD, 0x00BC, 0x00A1, 0x00AB, 0x00BB,
 195:../fatfs/ccsbcs.c **** 	0x2591, 0x2592, 0x2593, 0x2502, 0x2524, 0x00C1, 0x00C2, 0x00C0,
 196:../fatfs/ccsbcs.c **** 	0x00A9, 0x2563, 0x2551, 0x2557, 0x255D, 0x00A2, 0x00A5, 0x2510,
 197:../fatfs/ccsbcs.c **** 	0x2514, 0x2534, 0x252C, 0x251C, 0x2500, 0x253C, 0x00E3, 0x00C3,
 198:../fatfs/ccsbcs.c **** 	0x255A, 0x2554, 0x2569, 0x2566, 0x2560, 0x2550, 0x256C, 0x00A4,
 199:../fatfs/ccsbcs.c **** 	0x00BA, 0x00AA, 0x00CA, 0x00CB, 0x00C8, 0x0000, 0x00CD, 0x00CE,
 200:../fatfs/ccsbcs.c **** 	0x00CF, 0x2518, 0x250C, 0x2588, 0x2584, 0x00A6, 0x00CC, 0x2580,
 201:../fatfs/ccsbcs.c **** 	0x00D3, 0x00DF, 0x00D4, 0x00D2, 0x00F5, 0x00D5, 0x00B5, 0x0000,
 202:../fatfs/ccsbcs.c **** 	0x00D7, 0x00DA, 0x00DB, 0x00D9, 0x00EC, 0x00FF, 0x00AF, 0x00B4,
 203:../fatfs/ccsbcs.c **** 	0x00AD, 0x00B1, 0x0000, 0x00BE, 0x00B6, 0x00A7, 0x00F7, 0x00B8,
 204:../fatfs/ccsbcs.c **** 	0x00B0, 0x00A8, 0x00B7, 0x00B9, 0x00B3, 0x00B2, 0x25A0, 0x00A0
 205:../fatfs/ccsbcs.c **** };
 206:../fatfs/ccsbcs.c **** 
 207:../fatfs/ccsbcs.c **** #elif _CODE_PAGE == 858
 208:../fatfs/ccsbcs.c **** #define _TBLDEF 1
 209:../fatfs/ccsbcs.c **** static
 210:../fatfs/ccsbcs.c **** const WCHAR Tbl[] = {	/*  CP858(0x80-0xFF) to Unicode conversion table */
 211:../fatfs/ccsbcs.c **** 	0x00C7, 0x00FC, 0x00E9, 0x00E2, 0x00E4, 0x00E0, 0x00E5, 0x00E7,
 212:../fatfs/ccsbcs.c **** 	0x00EA, 0x00EB, 0x00E8, 0x00EF, 0x00EE, 0x00EC, 0x00C4, 0x00C5,
 213:../fatfs/ccsbcs.c **** 	0x00C9, 0x00E6, 0x00C6, 0x00F4, 0x00F6, 0x00F2, 0x00FB, 0x00F9,
 214:../fatfs/ccsbcs.c **** 	0x00FF, 0x00D6, 0x00DC, 0x00F8, 0x00A3, 0x00D8, 0x00D7, 0x0192,
 215:../fatfs/ccsbcs.c **** 	0x00E1, 0x00ED, 0x00F3, 0x00FA, 0x00F1, 0x00D1, 0x00AA, 0x00BA,
 216:../fatfs/ccsbcs.c **** 	0x00BF, 0x00AE, 0x00AC, 0x00BD, 0x00BC, 0x00A1, 0x00AB, 0x00BB,
 217:../fatfs/ccsbcs.c **** 	0x2591, 0x2592, 0x2593, 0x2502, 0x2524, 0x00C1, 0x00C2, 0x00C0,
 218:../fatfs/ccsbcs.c **** 	0x00A9, 0x2563, 0x2551, 0x2557, 0x2550, 0x00A2, 0x00A5, 0x2510,
 219:../fatfs/ccsbcs.c **** 	0x2514, 0x2534, 0x252C, 0x251C, 0x2500, 0x253C, 0x00E3, 0x00C3,
 220:../fatfs/ccsbcs.c **** 	0x255A, 0x2554, 0x2569, 0x2566, 0x2560, 0x2550, 0x256C, 0x00A4,
 221:../fatfs/ccsbcs.c **** 	0x00F0, 0x00D0, 0x00CA, 0x00CB, 0x00C8, 0x20AC, 0x00CD, 0x00CE,
 222:../fatfs/ccsbcs.c **** 	0x00CF, 0x2518, 0x250C, 0x2588, 0x2584, 0x00C6, 0x00CC, 0x2580,
 223:../fatfs/ccsbcs.c **** 	0x00D3, 0x00DF, 0x00D4, 0x00D2, 0x00F5, 0x00D5, 0x00B5, 0x00FE,
 224:../fatfs/ccsbcs.c **** 	0x00DE, 0x00DA, 0x00DB, 0x00D9, 0x00FD, 0x00DD, 0x00AF, 0x00B4,
 225:../fatfs/ccsbcs.c **** 	0x00AD, 0x00B1, 0x2017, 0x00BE, 0x00B6, 0x00A7, 0x00F7, 0x00B8,
 226:../fatfs/ccsbcs.c **** 	0x00B0, 0x00A8, 0x00B7, 0x00B9, 0x00B3, 0x00B2, 0x25A0, 0x00A0
 227:../fatfs/ccsbcs.c **** };
 228:../fatfs/ccsbcs.c **** 
 229:../fatfs/ccsbcs.c **** #elif _CODE_PAGE == 862
 230:../fatfs/ccsbcs.c **** #define _TBLDEF 1
 231:../fatfs/ccsbcs.c **** static
 232:../fatfs/ccsbcs.c **** const WCHAR Tbl[] = {	/*  CP862(0x80-0xFF) to Unicode conversion table */
 233:../fatfs/ccsbcs.c **** 	0x05D0, 0x05D1, 0x05D2, 0x05D3, 0x05D4, 0x05D5, 0x05D6, 0x05D7,
 234:../fatfs/ccsbcs.c **** 	0x05D8, 0x05D9, 0x05DA, 0x05DB, 0x05DC, 0x05DD, 0x05DE, 0x05DF,
 235:../fatfs/ccsbcs.c **** 	0x05E0, 0x05E1, 0x05E2, 0x05E3, 0x05E4, 0x05E5, 0x05E6, 0x05E7,
 236:../fatfs/ccsbcs.c **** 	0x05E8, 0x05E9, 0x05EA, 0x00A2, 0x00A3, 0x00A5, 0x20A7, 0x0192,
 237:../fatfs/ccsbcs.c **** 	0x00E1, 0x00ED, 0x00F3, 0x00FA, 0x00F1, 0x00D1, 0x00AA, 0x00BA,
 238:../fatfs/ccsbcs.c **** 	0x00BF, 0x2310, 0x00AC, 0x00BD, 0x00BC, 0x00A1, 0x00AB, 0x00BB,
 239:../fatfs/ccsbcs.c **** 	0x2591, 0x2592, 0x2593, 0x2502, 0x2524, 0x2561, 0x2562, 0x2556,
 240:../fatfs/ccsbcs.c **** 	0x2555, 0x2563, 0x2551, 0x2557, 0x255D, 0x255C, 0x255B, 0x2510,
 241:../fatfs/ccsbcs.c **** 	0x2514, 0x2534, 0x252C, 0x251C, 0x2500, 0x253C, 0x255E, 0x255F,
 242:../fatfs/ccsbcs.c **** 	0x255A, 0x2554, 0x2569, 0x2566, 0x2560, 0x2550, 0x256C, 0x2567,
 243:../fatfs/ccsbcs.c **** 	0x2568, 0x2564, 0x2565, 0x2559, 0x2558, 0x2552, 0x2553, 0x256B,
 244:../fatfs/ccsbcs.c **** 	0x256A, 0x2518, 0x250C, 0x2588, 0x2584, 0x258C, 0x2590, 0x2580,
 245:../fatfs/ccsbcs.c **** 	0x03B1, 0x00DF, 0x0393, 0x03C0, 0x03A3, 0x03C3, 0x00B5, 0x03C4,
 246:../fatfs/ccsbcs.c **** 	0x03A6, 0x0398, 0x03A9, 0x03B4, 0x221E, 0x03C6, 0x03B5, 0x2229,
 247:../fatfs/ccsbcs.c **** 	0x2261, 0x00B1, 0x2265, 0x2264, 0x2320, 0x2321, 0x00F7, 0x2248,
 248:../fatfs/ccsbcs.c **** 	0x00B0, 0x2219, 0x00B7, 0x221A, 0x207F, 0x00B2, 0x25A0, 0x00A0
 249:../fatfs/ccsbcs.c **** };
 250:../fatfs/ccsbcs.c **** 
 251:../fatfs/ccsbcs.c **** #elif _CODE_PAGE == 866
 252:../fatfs/ccsbcs.c **** #define _TBLDEF 1
 253:../fatfs/ccsbcs.c **** static
 254:../fatfs/ccsbcs.c **** const WCHAR Tbl[] = {	/*  CP866(0x80-0xFF) to Unicode conversion table */
 255:../fatfs/ccsbcs.c **** 	0x0410, 0x0411, 0x0412, 0x0413, 0x0414, 0x0415, 0x0416, 0x0417,
 256:../fatfs/ccsbcs.c **** 	0x0418, 0x0419, 0x041A, 0x041B, 0x041C, 0x041D, 0x041E, 0x041F,
 257:../fatfs/ccsbcs.c **** 	0x0420, 0x0421, 0x0422, 0x0423, 0x0424, 0x0425, 0x0426, 0x0427,
 258:../fatfs/ccsbcs.c **** 	0x0428, 0x0429, 0x042A, 0x042B, 0x042C, 0x042D, 0x042E, 0x042F,
 259:../fatfs/ccsbcs.c **** 	0x0430, 0x0431, 0x0432, 0x0433, 0x0434, 0x0435, 0x0436, 0x0437,
 260:../fatfs/ccsbcs.c **** 	0x0438, 0x0439, 0x043A, 0x043B, 0x043C, 0x043D, 0x043E, 0x043F,
 261:../fatfs/ccsbcs.c **** 	0x2591, 0x2592, 0x2593, 0x2502, 0x2524, 0x2561, 0x2562, 0x2556,
 262:../fatfs/ccsbcs.c **** 	0x2555, 0x2563, 0x2551, 0x2557, 0x255D, 0x255C, 0x255B, 0x2510,
 263:../fatfs/ccsbcs.c **** 	0x2514, 0x2534, 0x252C, 0x251C, 0x2500, 0x253C, 0x255E, 0x255F,
 264:../fatfs/ccsbcs.c **** 	0x255A, 0x2554, 0x2569, 0x2566, 0x2560, 0x2550, 0x256C, 0x2567,
 265:../fatfs/ccsbcs.c **** 	0x2568, 0x2564, 0x2565, 0x2559, 0x2558, 0x2552, 0x2553, 0x256B,
 266:../fatfs/ccsbcs.c **** 	0x256A, 0x2518, 0x250C, 0x2588, 0x2584, 0x258C, 0x2590, 0x2580,
 267:../fatfs/ccsbcs.c **** 	0x0440, 0x0441, 0x0442, 0x0443, 0x0444, 0x0445, 0x0446, 0x0447,
 268:../fatfs/ccsbcs.c **** 	0x0448, 0x0449, 0x044A, 0x044B, 0x044C, 0x044D, 0x044E, 0x044F,
 269:../fatfs/ccsbcs.c **** 	0x0401, 0x0451, 0x0404, 0x0454, 0x0407, 0x0457, 0x040E, 0x045E,
 270:../fatfs/ccsbcs.c **** 	0x00B0, 0x2219, 0x00B7, 0x221A, 0x2116, 0x00A4, 0x25A0, 0x00A0
 271:../fatfs/ccsbcs.c **** };
 272:../fatfs/ccsbcs.c **** 
 273:../fatfs/ccsbcs.c **** #elif _CODE_PAGE == 874
 274:../fatfs/ccsbcs.c **** #define _TBLDEF 1
 275:../fatfs/ccsbcs.c **** static
 276:../fatfs/ccsbcs.c **** const WCHAR Tbl[] = {	/*  CP874(0x80-0xFF) to Unicode conversion table */
 277:../fatfs/ccsbcs.c **** 	0x20AC, 0x0000, 0x0000, 0x0000, 0x0000, 0x2026, 0x0000, 0x0000,
 278:../fatfs/ccsbcs.c **** 	0x0000, 0x0000, 0x0000, 0x0000, 0x0000, 0x0000, 0x0000, 0x0000,
 279:../fatfs/ccsbcs.c **** 	0x0000, 0x2018, 0x2019, 0x201C, 0x201D, 0x2022, 0x2013, 0x2014,
 280:../fatfs/ccsbcs.c **** 	0x0000, 0x0000, 0x0000, 0x0000, 0x0000, 0x0000, 0x0000, 0x0000,
 281:../fatfs/ccsbcs.c **** 	0x00A0, 0x0E01, 0x0E02, 0x0E03, 0x0E04, 0x0E05, 0x0E06, 0x0E07,
 282:../fatfs/ccsbcs.c **** 	0x0E08, 0x0E09, 0x0E0A, 0x0E0B, 0x0E0C, 0x0E0D, 0x0E0E, 0x0E0F,
 283:../fatfs/ccsbcs.c **** 	0x0E10, 0x0E11, 0x0E12, 0x0E13, 0x0E14, 0x0E15, 0x0E16, 0x0E17,
 284:../fatfs/ccsbcs.c **** 	0x0E18, 0x0E19, 0x0E1A, 0x0E1B, 0x0E1C, 0x0E1D, 0x0E1E, 0x0E1F,
 285:../fatfs/ccsbcs.c **** 	0x0E20, 0x0E21, 0x0E22, 0x0E23, 0x0E24, 0x0E25, 0x0E26, 0x0E27,
 286:../fatfs/ccsbcs.c **** 	0x0E28, 0x0E29, 0x0E2A, 0x0E2B, 0x0E2C, 0x0E2D, 0x0E2E, 0x0E2F,
 287:../fatfs/ccsbcs.c **** 	0x0E30, 0x0E31, 0x0E32, 0x0E33, 0x0E34, 0x0E35, 0x0E36, 0x0E37,
 288:../fatfs/ccsbcs.c **** 	0x0E38, 0x0E39, 0x0E3A, 0x0000, 0x0000, 0x0000, 0x0000, 0x0E3F,
 289:../fatfs/ccsbcs.c **** 	0x0E40, 0x0E41, 0x0E42, 0x0E43, 0x0E44, 0x0E45, 0x0E46, 0x0E47,
 290:../fatfs/ccsbcs.c **** 	0x0E48, 0x0E49, 0x0E4A, 0x0E4B, 0x0E4C, 0x0E4D, 0x0E4E, 0x0E4F,
 291:../fatfs/ccsbcs.c **** 	0x0E50, 0x0E51, 0x0E52, 0x0E53, 0x0E54, 0x0E55, 0x0E56, 0x0E57,
 292:../fatfs/ccsbcs.c **** 	0x0E58, 0x0E59, 0x0E5A, 0x0E5B, 0x0000, 0x0000, 0x0000, 0x0000
 293:../fatfs/ccsbcs.c **** };
 294:../fatfs/ccsbcs.c **** 
 295:../fatfs/ccsbcs.c **** #elif _CODE_PAGE == 1250
 296:../fatfs/ccsbcs.c **** #define _TBLDEF 1
 297:../fatfs/ccsbcs.c **** static
 298:../fatfs/ccsbcs.c **** const WCHAR Tbl[] = {	/*  CP1250(0x80-0xFF) to Unicode conversion table */
 299:../fatfs/ccsbcs.c **** 	0x20AC, 0x0000, 0x201A, 0x0000, 0x201E, 0x2026, 0x2020, 0x2021,
 300:../fatfs/ccsbcs.c **** 	0x0000, 0x2030, 0x0160, 0x2039, 0x015A, 0x0164, 0x017D, 0x0179,
 301:../fatfs/ccsbcs.c **** 	0x0000, 0x2018, 0x2019, 0x201C, 0x201D, 0x2022, 0x2013, 0x2014,
 302:../fatfs/ccsbcs.c **** 	0x0000, 0x2122, 0x0161, 0x203A, 0x015B, 0x0165, 0x017E, 0x017A,
 303:../fatfs/ccsbcs.c **** 	0x00A0, 0x02C7, 0x02D8, 0x0141, 0x00A4, 0x0104, 0x00A6, 0x00A7,
 304:../fatfs/ccsbcs.c **** 	0x00A8, 0x00A9, 0x015E, 0x00AB, 0x00AC, 0x00AD, 0x00AE, 0x017B,
 305:../fatfs/ccsbcs.c **** 	0x00B0, 0x00B1, 0x02DB, 0x0142, 0x00B4, 0x00B5, 0x00B6, 0x00B7,
 306:../fatfs/ccsbcs.c **** 	0x00B8, 0x0105, 0x015F, 0x00BB, 0x013D, 0x02DD, 0x013E, 0x017C,
 307:../fatfs/ccsbcs.c **** 	0x0154, 0x00C1, 0x00C2, 0x0102, 0x00C4, 0x0139, 0x0106, 0x00C7,
 308:../fatfs/ccsbcs.c **** 	0x010C, 0x00C9, 0x0118, 0x00CB, 0x011A, 0x00CD, 0x00CE, 0x010E,
 309:../fatfs/ccsbcs.c **** 	0x0110, 0x0143, 0x0147, 0x00D3, 0x00D4, 0x0150, 0x00D6, 0x00D7,
 310:../fatfs/ccsbcs.c **** 	0x0158, 0x016E, 0x00DA, 0x0170, 0x00DC, 0x00DD, 0x0162, 0x00DF,
 311:../fatfs/ccsbcs.c **** 	0x0155, 0x00E1, 0x00E2, 0x0103, 0x00E4, 0x013A, 0x0107, 0x00E7,
 312:../fatfs/ccsbcs.c **** 	0x010D, 0x00E9, 0x0119, 0x00EB, 0x011B, 0x00ED, 0x00EE, 0x010F,
 313:../fatfs/ccsbcs.c **** 	0x0111, 0x0144, 0x0148, 0x00F3, 0x00F4, 0x0151, 0x00F6, 0x00F7,
 314:../fatfs/ccsbcs.c **** 	0x0159, 0x016F, 0x00FA, 0x0171, 0x00FC, 0x00FD, 0x0163, 0x02D9
 315:../fatfs/ccsbcs.c **** };
 316:../fatfs/ccsbcs.c **** 
 317:../fatfs/ccsbcs.c **** #elif _CODE_PAGE == 1251
 318:../fatfs/ccsbcs.c **** #define _TBLDEF 1
 319:../fatfs/ccsbcs.c **** static
 320:../fatfs/ccsbcs.c **** const WCHAR Tbl[] = {	/*  CP1251(0x80-0xFF) to Unicode conversion table */
 321:../fatfs/ccsbcs.c **** 	0x0402, 0x0403, 0x201A, 0x0453, 0x201E, 0x2026, 0x2020, 0x2021,
 322:../fatfs/ccsbcs.c **** 	0x20AC, 0x2030, 0x0409, 0x2039, 0x040A, 0x040C, 0x040B, 0x040F,
 323:../fatfs/ccsbcs.c **** 	0x0452, 0x2018, 0x2019, 0x201C, 0x201D, 0x2022, 0x2013, 0x2014,
 324:../fatfs/ccsbcs.c **** 	0x0000, 0x2111, 0x0459, 0x203A, 0x045A, 0x045C, 0x045B, 0x045F,
 325:../fatfs/ccsbcs.c **** 	0x00A0, 0x040E, 0x045E, 0x0408, 0x00A4, 0x0490, 0x00A6, 0x00A7,
 326:../fatfs/ccsbcs.c **** 	0x0401, 0x00A9, 0x0404, 0x00AB, 0x00AC, 0x00AD, 0x00AE, 0x0407,
 327:../fatfs/ccsbcs.c **** 	0x00B0, 0x00B1, 0x0406, 0x0456, 0x0491, 0x00B5, 0x00B6, 0x00B7,
 328:../fatfs/ccsbcs.c **** 	0x0451, 0x2116, 0x0454, 0x00BB, 0x0458, 0x0405, 0x0455, 0x0457,
 329:../fatfs/ccsbcs.c **** 	0x0410, 0x0411, 0x0412, 0x0413, 0x0414, 0x0415, 0x0416, 0x0417,
 330:../fatfs/ccsbcs.c **** 	0x0418, 0x0419, 0x041A, 0x041B, 0x041C, 0x041D, 0x041E, 0x041F,
 331:../fatfs/ccsbcs.c **** 	0x0420, 0x0421, 0x0422, 0x0423, 0x0424, 0x0425, 0x0426, 0x0427,
 332:../fatfs/ccsbcs.c **** 	0x0428, 0x0429, 0x042A, 0x042B, 0x042C, 0x042D, 0x042E, 0x042F,
 333:../fatfs/ccsbcs.c **** 	0x0430, 0x0431, 0x0432, 0x0433, 0x0434, 0x0435, 0x0436, 0x0437,
 334:../fatfs/ccsbcs.c **** 	0x0438, 0x0439, 0x043A, 0x043B, 0x043C, 0x043D, 0x043E, 0x043F,
 335:../fatfs/ccsbcs.c **** 	0x0440, 0x0441, 0x0442, 0x0443, 0x0444, 0x0445, 0x0446, 0x0447,
 336:../fatfs/ccsbcs.c **** 	0x0448, 0x0449, 0x044A, 0x044B, 0x044C, 0x044D, 0x044E, 0x044F
 337:../fatfs/ccsbcs.c **** };
 338:../fatfs/ccsbcs.c **** 
 339:../fatfs/ccsbcs.c **** #elif _CODE_PAGE == 1252
 340:../fatfs/ccsbcs.c **** #define _TBLDEF 1
 341:../fatfs/ccsbcs.c **** static
 342:../fatfs/ccsbcs.c **** const WCHAR Tbl[] = {	/*  CP1252(0x80-0xFF) to Unicode conversion table */
 343:../fatfs/ccsbcs.c **** 	0x20AC, 0x0000, 0x201A, 0x0192, 0x201E, 0x2026, 0x2020, 0x2021,
 344:../fatfs/ccsbcs.c **** 	0x02C6, 0x2030, 0x0160, 0x2039, 0x0152, 0x0000, 0x017D, 0x0000,
 345:../fatfs/ccsbcs.c **** 	0x0000, 0x2018, 0x2019, 0x201C, 0x201D, 0x2022, 0x2013, 0x2014,
 346:../fatfs/ccsbcs.c **** 	0x02DC, 0x2122, 0x0161, 0x203A, 0x0153, 0x0000, 0x017E, 0x0178,
 347:../fatfs/ccsbcs.c **** 	0x00A0, 0x00A1, 0x00A2, 0x00A3, 0x00A4, 0x00A5, 0x00A6, 0x00A7,
 348:../fatfs/ccsbcs.c **** 	0x00A8, 0x00A9, 0x00AA, 0x00AB, 0x00AC, 0x00AD, 0x00AE, 0x00AF,
 349:../fatfs/ccsbcs.c **** 	0x00B0, 0x00B1, 0x00B2, 0x00B3, 0x00B4, 0x00B5, 0x00B6, 0x00B7,
 350:../fatfs/ccsbcs.c **** 	0x00B8, 0x00B9, 0x00BA, 0x00BB, 0x00BC, 0x00BD, 0x00BE, 0x00BF,
 351:../fatfs/ccsbcs.c **** 	0x00C0, 0x00C1, 0x00C2, 0x00C3, 0x00C4, 0x00C5, 0x00C6, 0x00C7,
 352:../fatfs/ccsbcs.c **** 	0x00C8, 0x00C9, 0x00CA, 0x00CB, 0x00CC, 0x00CD, 0x00CE, 0x00CF,
 353:../fatfs/ccsbcs.c **** 	0x00D0, 0x00D1, 0x00D2, 0x00D3, 0x00D4, 0x00D5, 0x00D6, 0x00D7,
 354:../fatfs/ccsbcs.c **** 	0x00D8, 0x00D9, 0x00DA, 0x00DB, 0x00DC, 0x00DD, 0x00DE, 0x00DF,
 355:../fatfs/ccsbcs.c **** 	0x00E0, 0x00E1, 0x00E2, 0x00E3, 0x00E4, 0x00E5, 0x00E6, 0x00E7,
 356:../fatfs/ccsbcs.c **** 	0x00E8, 0x00E9, 0x00EA, 0x00EB, 0x00EC, 0x00ED, 0x00EE, 0x00EF,
 357:../fatfs/ccsbcs.c **** 	0x00F0, 0x00F1, 0x00F2, 0x00F3, 0x00F4, 0x00F5, 0x00F6, 0x00F7,
 358:../fatfs/ccsbcs.c **** 	0x00F8, 0x00F9, 0x00FA, 0x00FB, 0x00FC, 0x00FD, 0x00FE, 0x00FF
 359:../fatfs/ccsbcs.c **** };
 360:../fatfs/ccsbcs.c **** 
 361:../fatfs/ccsbcs.c **** #elif _CODE_PAGE == 1253
 362:../fatfs/ccsbcs.c **** #define _TBLDEF 1
 363:../fatfs/ccsbcs.c **** static
 364:../fatfs/ccsbcs.c **** const WCHAR Tbl[] = {	/*  CP1253(0x80-0xFF) to Unicode conversion table */
 365:../fatfs/ccsbcs.c **** 	0x20AC, 0x0000, 0x201A, 0x0192, 0x201E, 0x2026, 0x2020, 0x2021,
 366:../fatfs/ccsbcs.c **** 	0x0000, 0x2030, 0x0000, 0x2039, 0x000C, 0x0000, 0x0000, 0x0000,
 367:../fatfs/ccsbcs.c **** 	0x0000, 0x2018, 0x2019, 0x201C, 0x201D, 0x2022, 0x2013, 0x2014,
 368:../fatfs/ccsbcs.c **** 	0x0000, 0x2122, 0x0000, 0x203A, 0x0000, 0x0000, 0x0000, 0x0000,
 369:../fatfs/ccsbcs.c **** 	0x00A0, 0x0385, 0x0386, 0x00A3, 0x00A4, 0x00A5, 0x00A6, 0x00A7,
 370:../fatfs/ccsbcs.c **** 	0x00A8, 0x00A9, 0x0000, 0x00AB, 0x00AC, 0x00AD, 0x00AE, 0x2015,
 371:../fatfs/ccsbcs.c **** 	0x00B0, 0x00B1, 0x00B2, 0x00B3, 0x0384, 0x00B5, 0x00B6, 0x00B7,
 372:../fatfs/ccsbcs.c **** 	0x0388, 0x0389, 0x038A, 0x00BB, 0x038C, 0x00BD, 0x038E, 0x038F,
 373:../fatfs/ccsbcs.c **** 	0x0390, 0x0391, 0x0392, 0x0393, 0x0394, 0x0395, 0x0396, 0x0397,
 374:../fatfs/ccsbcs.c **** 	0x0398, 0x0399, 0x039A, 0x039B, 0x039C, 0x039D, 0x039E, 0x039F,
 375:../fatfs/ccsbcs.c **** 	0x03A0, 0x03A1, 0x0000, 0x03A3, 0x03A4, 0x03A5, 0x03A6, 0x03A7,
 376:../fatfs/ccsbcs.c **** 	0x03A8, 0x03A9, 0x03AA, 0x03AD, 0x03AC, 0x03AD, 0x03AE, 0x03AF,
 377:../fatfs/ccsbcs.c **** 	0x03B0, 0x03B1, 0x03B2, 0x03B3, 0x03B4, 0x03B5, 0x03B6, 0x03B7,
 378:../fatfs/ccsbcs.c **** 	0x03B8, 0x03B9, 0x03BA, 0x03BB, 0x03BC, 0x03BD, 0x03BE, 0x03BF,
 379:../fatfs/ccsbcs.c **** 	0x03C0, 0x03C1, 0x03C2, 0x03C3, 0x03C4, 0x03C5, 0x03C6, 0x03C7,
 380:../fatfs/ccsbcs.c **** 	0x03C8, 0x03C9, 0x03CA, 0x03CB, 0x03CC, 0x03CD, 0x03CE, 0x0000
 381:../fatfs/ccsbcs.c **** };
 382:../fatfs/ccsbcs.c **** 
 383:../fatfs/ccsbcs.c **** #elif _CODE_PAGE == 1254
 384:../fatfs/ccsbcs.c **** #define _TBLDEF 1
 385:../fatfs/ccsbcs.c **** static
 386:../fatfs/ccsbcs.c **** const WCHAR Tbl[] = {	/*  CP1254(0x80-0xFF) to Unicode conversion table */
 387:../fatfs/ccsbcs.c **** 	0x20AC, 0x0000, 0x210A, 0x0192, 0x201E, 0x2026, 0x2020, 0x2021,
 388:../fatfs/ccsbcs.c **** 	0x02C6, 0x2030, 0x0160, 0x2039, 0x0152, 0x0000, 0x0000, 0x0000,
 389:../fatfs/ccsbcs.c **** 	0x0000, 0x2018, 0x2019, 0x201C, 0x201D, 0x2022, 0x2013, 0x2014,
 390:../fatfs/ccsbcs.c **** 	0x02DC, 0x2122, 0x0161, 0x203A, 0x0153, 0x0000, 0x0000, 0x0178,
 391:../fatfs/ccsbcs.c **** 	0x00A0, 0x00A1, 0x00A2, 0x00A3, 0x00A4, 0x00A5, 0x00A6, 0x00A7,
 392:../fatfs/ccsbcs.c **** 	0x00A8, 0x00A9, 0x00AA, 0x00AB, 0x00AC, 0x00AD, 0x00AE, 0x00AF,
 393:../fatfs/ccsbcs.c **** 	0x00B0, 0x00B1, 0x00B2, 0x00B3, 0x00B4, 0x00B5, 0x00B6, 0x00B7,
 394:../fatfs/ccsbcs.c **** 	0x00B8, 0x00B9, 0x00BA, 0x00BB, 0x00BC, 0x00BD, 0x00BE, 0x00BF,
 395:../fatfs/ccsbcs.c **** 	0x00C0, 0x00C1, 0x00C2, 0x00C3, 0x00C4, 0x00C5, 0x00C6, 0x00C7,
 396:../fatfs/ccsbcs.c **** 	0x00C8, 0x00C9, 0x00CA, 0x00CB, 0x00CC, 0x00CD, 0x00CE, 0x00CF,
 397:../fatfs/ccsbcs.c **** 	0x011E, 0x00D1, 0x00D2, 0x00D3, 0x00D4, 0x00D5, 0x00D6, 0x00D7,
 398:../fatfs/ccsbcs.c **** 	0x00D8, 0x00D9, 0x00DA, 0x00BD, 0x00DC, 0x0130, 0x015E, 0x00DF,
 399:../fatfs/ccsbcs.c **** 	0x00E0, 0x00E1, 0x00E2, 0x00E3, 0x00E4, 0x00E5, 0x00E6, 0x00E7,
 400:../fatfs/ccsbcs.c **** 	0x00E8, 0x00E9, 0x00EA, 0x00EB, 0x00EC, 0x00ED, 0x00EE, 0x00EF,
 401:../fatfs/ccsbcs.c **** 	0x011F, 0x00F1, 0x00F2, 0x00F3, 0x00F4, 0x00F5, 0x00F6, 0x00F7,
 402:../fatfs/ccsbcs.c **** 	0x00F8, 0x00F9, 0x00FA, 0x00FB, 0x00FC, 0x0131, 0x015F, 0x00FF
 403:../fatfs/ccsbcs.c **** };
 404:../fatfs/ccsbcs.c **** 
 405:../fatfs/ccsbcs.c **** #elif _CODE_PAGE == 1255
 406:../fatfs/ccsbcs.c **** #define _TBLDEF 1
 407:../fatfs/ccsbcs.c **** static
 408:../fatfs/ccsbcs.c **** const WCHAR Tbl[] = {	/*  CP1255(0x80-0xFF) to Unicode conversion table */
 409:../fatfs/ccsbcs.c **** 	0x20AC, 0x0000, 0x201A, 0x0192, 0x201E, 0x2026, 0x2020, 0x2021,
 410:../fatfs/ccsbcs.c **** 	0x02C6, 0x2030, 0x0000, 0x2039, 0x0000, 0x0000, 0x0000, 0x0000,
 411:../fatfs/ccsbcs.c **** 	0x0000, 0x2018, 0x2019, 0x201C, 0x201D, 0x2022, 0x2013, 0x2014,
 412:../fatfs/ccsbcs.c **** 	0x02DC, 0x2122, 0x0000, 0x203A, 0x0000, 0x0000, 0x0000, 0x0000,
 413:../fatfs/ccsbcs.c **** 	0x00A0, 0x00A1, 0x00A2, 0x00A3, 0x00A4, 0x00A5, 0x00A6, 0x00A7,
 414:../fatfs/ccsbcs.c **** 	0x00A8, 0x00A9, 0x00D7, 0x00AB, 0x00AC, 0x00AD, 0x00AE, 0x00AF,
 415:../fatfs/ccsbcs.c **** 	0x00B0, 0x00B1, 0x00B2, 0x00B3, 0x00B4, 0x00B5, 0x00B6, 0x00B7,
 416:../fatfs/ccsbcs.c **** 	0x00B8, 0x00B9, 0x00F7, 0x00BB, 0x00BC, 0x00BD, 0x00BE, 0x00BF,
 417:../fatfs/ccsbcs.c **** 	0x05B0, 0x05B1, 0x05B2, 0x05B3, 0x05B4, 0x05B5, 0x05B6, 0x05B7,
 418:../fatfs/ccsbcs.c **** 	0x05B8, 0x05B9, 0x0000, 0x05BB, 0x05BC, 0x05BD, 0x05BE, 0x05BF,
 419:../fatfs/ccsbcs.c **** 	0x05C0, 0x05C1, 0x05C2, 0x05C3, 0x05F0, 0x05F1, 0x05F2, 0x05F3,
 420:../fatfs/ccsbcs.c **** 	0x05F4, 0x0000, 0x0000, 0x0000, 0x0000, 0x0000, 0x0000, 0x0000,
 421:../fatfs/ccsbcs.c **** 	0x05D0, 0x05D1, 0x05D2, 0x05D3, 0x05D4, 0x05D5, 0x05D6, 0x05D7,
 422:../fatfs/ccsbcs.c **** 	0x05D8, 0x05D9, 0x05DA, 0x05DB, 0x05DC, 0x05DD, 0x05DE, 0x05DF,
 423:../fatfs/ccsbcs.c **** 	0x05E0, 0x05E1, 0x05E2, 0x05E3, 0x05E4, 0x05E5, 0x05E6, 0x05E7,
 424:../fatfs/ccsbcs.c **** 	0x05E8, 0x05E9, 0x05EA, 0x0000, 0x0000, 0x200E, 0x200F, 0x0000
 425:../fatfs/ccsbcs.c **** };
 426:../fatfs/ccsbcs.c **** 
 427:../fatfs/ccsbcs.c **** #elif _CODE_PAGE == 1256
 428:../fatfs/ccsbcs.c **** #define _TBLDEF 1
 429:../fatfs/ccsbcs.c **** static
 430:../fatfs/ccsbcs.c **** const WCHAR Tbl[] = {	/*  CP1256(0x80-0xFF) to Unicode conversion table */
 431:../fatfs/ccsbcs.c **** 	0x20AC, 0x067E, 0x201A, 0x0192, 0x201E, 0x2026, 0x2020, 0x2021,
 432:../fatfs/ccsbcs.c **** 	0x02C6, 0x2030, 0x0679, 0x2039, 0x0152, 0x0686, 0x0698, 0x0688,
 433:../fatfs/ccsbcs.c **** 	0x06AF, 0x2018, 0x2019, 0x201C, 0x201D, 0x2022, 0x2013, 0x2014,
 434:../fatfs/ccsbcs.c **** 	0x06A9, 0x2122, 0x0691, 0x203A, 0x0153, 0x200C, 0x200D, 0x06BA,
 435:../fatfs/ccsbcs.c **** 	0x00A0, 0x060C, 0x00A2, 0x00A3, 0x00A4, 0x00A5, 0x00A6, 0x00A7,
 436:../fatfs/ccsbcs.c **** 	0x00A8, 0x00A9, 0x06BE, 0x00AB, 0x00AC, 0x00AD, 0x00AE, 0x00AF,
 437:../fatfs/ccsbcs.c **** 	0x00B0, 0x00B1, 0x00B2, 0x00B3, 0x00B4, 0x00B5, 0x00B6, 0x00B7,
 438:../fatfs/ccsbcs.c **** 	0x00B8, 0x00B9, 0x061B, 0x00BB, 0x00BC, 0x00BD, 0x00BE, 0x061F,
 439:../fatfs/ccsbcs.c **** 	0x06C1, 0x0621, 0x0622, 0x0623, 0x0624, 0x0625, 0x0626, 0x0627,
 440:../fatfs/ccsbcs.c **** 	0x0628, 0x0629, 0x062A, 0x062B, 0x062C, 0x062D, 0x062E, 0x062F,
 441:../fatfs/ccsbcs.c **** 	0x0630, 0x0631, 0x0632, 0x0633, 0x0634, 0x0635, 0x0636, 0x00D7,
 442:../fatfs/ccsbcs.c **** 	0x0637, 0x0638, 0x0639, 0x063A, 0x0640, 0x0640, 0x0642, 0x0643,
 443:../fatfs/ccsbcs.c **** 	0x00E0, 0x0644, 0x00E2, 0x0645, 0x0646, 0x0647, 0x0648, 0x00E7,
 444:../fatfs/ccsbcs.c **** 	0x00E8, 0x00E9, 0x00EA, 0x00EB, 0x0649, 0x064A, 0x00EE, 0x00EF,
 445:../fatfs/ccsbcs.c **** 	0x064B, 0x064C, 0x064D, 0x064E, 0x00F4, 0x064F, 0x0650, 0x00F7,
 446:../fatfs/ccsbcs.c **** 	0x0651, 0x00F9, 0x0652, 0x00FB, 0x00FC, 0x200E, 0x200F, 0x06D2
 447:../fatfs/ccsbcs.c **** }
 448:../fatfs/ccsbcs.c **** 
 449:../fatfs/ccsbcs.c **** #elif _CODE_PAGE == 1257
 450:../fatfs/ccsbcs.c **** #define _TBLDEF 1
 451:../fatfs/ccsbcs.c **** static
 452:../fatfs/ccsbcs.c **** const WCHAR Tbl[] = {	/*  CP1257(0x80-0xFF) to Unicode conversion table */
 453:../fatfs/ccsbcs.c **** 	0x20AC, 0x0000, 0x201A, 0x0000, 0x201E, 0x2026, 0x2020, 0x2021,
 454:../fatfs/ccsbcs.c **** 	0x0000, 0x2030, 0x0000, 0x2039, 0x0000, 0x00A8, 0x02C7, 0x00B8,
 455:../fatfs/ccsbcs.c **** 	0x0000, 0x2018, 0x2019, 0x201C, 0x201D, 0x2022, 0x2013, 0x2014,
 456:../fatfs/ccsbcs.c **** 	0x0000, 0x2122, 0x0000, 0x203A, 0x0000, 0x00AF, 0x02DB, 0x0000,
 457:../fatfs/ccsbcs.c **** 	0x00A0, 0x0000, 0x00A2, 0x00A3, 0x00A4, 0x0000, 0x00A6, 0x00A7,
 458:../fatfs/ccsbcs.c **** 	0x00D8, 0x00A9, 0x0156, 0x00AB, 0x00AC, 0x00AD, 0x00AE, 0x00AF,
 459:../fatfs/ccsbcs.c **** 	0x00B0, 0x00B1, 0x00B2, 0x00B3, 0x00B4, 0x00B5, 0x00B6, 0x00B7,
 460:../fatfs/ccsbcs.c **** 	0x00B8, 0x00B9, 0x0157, 0x00BB, 0x00BC, 0x00BD, 0x00BE, 0x00E6,
 461:../fatfs/ccsbcs.c **** 	0x0104, 0x012E, 0x0100, 0x0106, 0x00C4, 0x00C5, 0x0118, 0x0112,
 462:../fatfs/ccsbcs.c **** 	0x010C, 0x00C9, 0x0179, 0x0116, 0x0122, 0x0136, 0x012A, 0x013B,
 463:../fatfs/ccsbcs.c **** 	0x0160, 0x0143, 0x0145, 0x00D3, 0x014C, 0x00D5, 0x00D6, 0x00D7,
 464:../fatfs/ccsbcs.c **** 	0x0172, 0x0141, 0x015A, 0x016A, 0x00DC, 0x017B, 0x017D, 0x00DF,
 465:../fatfs/ccsbcs.c **** 	0x0105, 0x012F, 0x0101, 0x0107, 0x00E4, 0x00E5, 0x0119, 0x0113,
 466:../fatfs/ccsbcs.c **** 	0x010D, 0x00E9, 0x017A, 0x0117, 0x0123, 0x0137, 0x012B, 0x013C,
 467:../fatfs/ccsbcs.c **** 	0x0161, 0x0144, 0x0146, 0x00F3, 0x014D, 0x00F5, 0x00F6, 0x00F7,
 468:../fatfs/ccsbcs.c **** 	0x0173, 0x014E, 0x015B, 0x016B, 0x00FC, 0x017C, 0x017E, 0x02D9
 469:../fatfs/ccsbcs.c **** };
 470:../fatfs/ccsbcs.c **** 
 471:../fatfs/ccsbcs.c **** #elif _CODE_PAGE == 1258
 472:../fatfs/ccsbcs.c **** #define _TBLDEF 1
 473:../fatfs/ccsbcs.c **** static
 474:../fatfs/ccsbcs.c **** const WCHAR Tbl[] = {	/*  CP1258(0x80-0xFF) to Unicode conversion table */
 475:../fatfs/ccsbcs.c **** 	0x20AC, 0x0000, 0x201A, 0x0192, 0x201E, 0x2026, 0x2020, 0x2021,
 476:../fatfs/ccsbcs.c **** 	0x02C6, 0x2030, 0x0000, 0x2039, 0x0152, 0x0000, 0x0000, 0x0000,
 477:../fatfs/ccsbcs.c **** 	0x0000, 0x2018, 0x2019, 0x201C, 0x201D, 0x2022, 0x2013, 0x2014,
 478:../fatfs/ccsbcs.c **** 	0x02DC, 0x2122, 0x0000, 0x203A, 0x0153, 0x0000, 0x0000, 0x0178,
 479:../fatfs/ccsbcs.c **** 	0x00A0, 0x00A1, 0x00A2, 0x00A3, 0x00A4, 0x00A5, 0x00A6, 0x00A7,
 480:../fatfs/ccsbcs.c **** 	0x00A8, 0x00A9, 0x00AA, 0x00AB, 0x00AC, 0x00AD, 0x00AE, 0x00AF,
 481:../fatfs/ccsbcs.c **** 	0x00B0, 0x00B1, 0x00B2, 0x00B3, 0x00B4, 0x00B5, 0x00B6, 0x00B7,
 482:../fatfs/ccsbcs.c **** 	0x00B8, 0x00B9, 0x00BA, 0x00BB, 0x00BC, 0x00BD, 0x00BE, 0x00BF,
 483:../fatfs/ccsbcs.c **** 	0x00C0, 0x00C1, 0x00C2, 0x0102, 0x00C4, 0x00C5, 0x00C6, 0x00C7,
 484:../fatfs/ccsbcs.c **** 	0x00C8, 0x00C9, 0x00CA, 0x00CB, 0x0300, 0x00CD, 0x00CE, 0x00CF,
 485:../fatfs/ccsbcs.c **** 	0x0110, 0x00D1, 0x0309, 0x00D3, 0x00D4, 0x01A0, 0x00D6, 0x00D7,
 486:../fatfs/ccsbcs.c **** 	0x00D8, 0x00D9, 0x00DA, 0x00DB, 0x00DC, 0x01AF, 0x0303, 0x00DF,
 487:../fatfs/ccsbcs.c **** 	0x00E0, 0x00E1, 0x00E2, 0x0103, 0x00E4, 0x00E5, 0x00E6, 0x00E7,
 488:../fatfs/ccsbcs.c **** 	0x00E8, 0x00E9, 0x00EA, 0x00EB, 0x0301, 0x00ED, 0x00EE, 0x00EF,
 489:../fatfs/ccsbcs.c **** 	0x0111, 0x00F1, 0x0323, 0x00F3, 0x00F4, 0x01A1, 0x00F6, 0x00F7,
 490:../fatfs/ccsbcs.c **** 	0x00F8, 0x00F9, 0x00FA, 0x00FB, 0x00FC, 0x01B0, 0x20AB, 0x00FF
 491:../fatfs/ccsbcs.c **** };
 492:../fatfs/ccsbcs.c **** 
 493:../fatfs/ccsbcs.c **** #endif
 494:../fatfs/ccsbcs.c **** 
 495:../fatfs/ccsbcs.c **** 
 496:../fatfs/ccsbcs.c **** #if !_TBLDEF || !_USE_LFN
 497:../fatfs/ccsbcs.c **** #error This file is not needed in current configuration. Remove from the project.
 498:../fatfs/ccsbcs.c **** #endif
 499:../fatfs/ccsbcs.c **** 
 500:../fatfs/ccsbcs.c **** 
 501:../fatfs/ccsbcs.c **** WCHAR ff_convert (WCHAR	chr,UINT dir)
 502:../fatfs/ccsbcs.c **** {
 162              		.loc 1 502 0
 163              		.cfi_startproc
 164              		@ args = 0, pretend = 0, frame = 16
 165              		@ frame_needed = 1, uses_anonymous_args = 0
 166              		@ link register save eliminated.
 167 0000 80B4     		push	{r7}
 168              		.cfi_def_cfa_offset 4
 169              		.cfi_offset 7, -4
 170 0002 85B0     		sub	sp, sp, #20
 171              		.cfi_def_cfa_offset 24
 172 0004 00AF     		add	r7, sp, #0
 173              		.cfi_def_cfa_register 7
 174 0006 0346     		mov	r3, r0
 175 0008 3960     		str	r1, [r7]
 176 000a FB80     		strh	r3, [r7, #6]	@ movhi
 503:../fatfs/ccsbcs.c **** 	WCHAR c;
 504:../fatfs/ccsbcs.c **** 
 505:../fatfs/ccsbcs.c **** 
 506:../fatfs/ccsbcs.c **** 	if (chr < 0x80) {	/* ASCII */
 177              		.loc 1 506 0
 178 000c FB88     		ldrh	r3, [r7, #6]
 179 000e 7F2B     		cmp	r3, #127
 180 0010 02D8     		bhi	.L2
 507:../fatfs/ccsbcs.c **** 		c = chr;
 181              		.loc 1 507 0
 182 0012 FB88     		ldrh	r3, [r7, #6]	@ movhi
 183 0014 FB81     		strh	r3, [r7, #14]	@ movhi
 184 0016 24E0     		b	.L3
 185              	.L2:
 508:../fatfs/ccsbcs.c **** 
 509:../fatfs/ccsbcs.c **** 	} else {
 510:../fatfs/ccsbcs.c **** 		if (dir) {		/* OEMCP to Unicode */
 186              		.loc 1 510 0
 187 0018 3B68     		ldr	r3, [r7]
 188 001a 002B     		cmp	r3, #0
 189 001c 0BD0     		beq	.L4
 511:../fatfs/ccsbcs.c **** 			c = (chr >= 0x100) ? 0 : Tbl[chr - 0x80];
 190              		.loc 1 511 0
 191 001e FB88     		ldrh	r3, [r7, #6]
 192 0020 FF2B     		cmp	r3, #255
 193 0022 05D8     		bhi	.L5
 194              		.loc 1 511 0 is_stmt 0 discriminator 1
 195 0024 FB88     		ldrh	r3, [r7, #6]
 196 0026 803B     		subs	r3, r3, #128
 197 0028 114A     		ldr	r2, .L12
 198 002a 32F81330 		ldrh	r3, [r2, r3, lsl #1]
 199 002e 00E0     		b	.L6
 200              	.L5:
 201              		.loc 1 511 0 discriminator 2
 202 0030 0023     		movs	r3, #0
 203              	.L6:
 204              		.loc 1 511 0 discriminator 4
 205 0032 FB81     		strh	r3, [r7, #14]	@ movhi
 206 0034 15E0     		b	.L3
 207              	.L4:
 512:../fatfs/ccsbcs.c **** 
 513:../fatfs/ccsbcs.c **** 		} else {		/* Unicode to OEMCP */
 514:../fatfs/ccsbcs.c **** 			for (c = 0; c < 0x80; c++) {
 208              		.loc 1 514 0 is_stmt 1
 209 0036 0023     		movs	r3, #0
 210 0038 FB81     		strh	r3, [r7, #14]	@ movhi
 211 003a 0AE0     		b	.L7
 212              	.L10:
 515:../fatfs/ccsbcs.c **** 				if (chr == Tbl[c]) break;
 213              		.loc 1 515 0
 214 003c FB89     		ldrh	r3, [r7, #14]
 215 003e 0C4A     		ldr	r2, .L12
 216 0040 32F81330 		ldrh	r3, [r2, r3, lsl #1]
 217 0044 FA88     		ldrh	r2, [r7, #6]
 218 0046 9A42     		cmp	r2, r3
 219 0048 00D1     		bne	.L8
 220 004a 05E0     		b	.L9
 221              	.L8:
 514:../fatfs/ccsbcs.c **** 				if (chr == Tbl[c]) break;
 222              		.loc 1 514 0 discriminator 2
 223 004c FB89     		ldrh	r3, [r7, #14]
 224 004e 0133     		adds	r3, r3, #1
 225 0050 FB81     		strh	r3, [r7, #14]	@ movhi
 226              	.L7:
 514:../fatfs/ccsbcs.c **** 				if (chr == Tbl[c]) break;
 227              		.loc 1 514 0 is_stmt 0 discriminator 1
 228 0052 FB89     		ldrh	r3, [r7, #14]
 229 0054 7F2B     		cmp	r3, #127
 230 0056 F1D9     		bls	.L10
 231              	.L9:
 516:../fatfs/ccsbcs.c **** 			}
 517:../fatfs/ccsbcs.c **** 			c = (c + 0x80) & 0xFF;
 232              		.loc 1 517 0 is_stmt 1
 233 0058 FB89     		ldrh	r3, [r7, #14]	@ movhi
 234 005a 8033     		adds	r3, r3, #128
 235 005c 9BB2     		uxth	r3, r3
 236 005e DBB2     		uxtb	r3, r3
 237 0060 FB81     		strh	r3, [r7, #14]	@ movhi
 238              	.L3:
 518:../fatfs/ccsbcs.c **** 		}
 519:../fatfs/ccsbcs.c **** 	}
 520:../fatfs/ccsbcs.c **** 
 521:../fatfs/ccsbcs.c **** 	return c;
 239              		.loc 1 521 0
 240 0062 FB89     		ldrh	r3, [r7, #14]
 522:../fatfs/ccsbcs.c **** }
 241              		.loc 1 522 0
 242 0064 1846     		mov	r0, r3
 243 0066 1437     		adds	r7, r7, #20
 244              		.cfi_def_cfa_offset 4
 245 0068 BD46     		mov	sp, r7
 246              		.cfi_def_cfa_register 13
 247              		@ sp needed
 248 006a 5DF8047B 		ldr	r7, [sp], #4
 249              		.cfi_restore 7
 250              		.cfi_def_cfa_offset 0
 251 006e 7047     		bx	lr
 252              	.L13:
 253              		.align	2
 254              	.L12:
 255 0070 00000000 		.word	Tbl
 256              		.cfi_endproc
 257              	.LFE0:
 259              		.section	.text.ff_wtoupper,"ax",%progbits
 260              		.align	2
 261              		.global	ff_wtoupper
 262              		.thumb
 263              		.thumb_func
 265              	ff_wtoupper:
 266              	.LFB1:
 523:../fatfs/ccsbcs.c **** 
 524:../fatfs/ccsbcs.c **** 
 525:../fatfs/ccsbcs.c **** WCHAR ff_wtoupper (WCHAR chr)
 526:../fatfs/ccsbcs.c **** {
 267              		.loc 1 526 0
 268              		.cfi_startproc
 269              		@ args = 0, pretend = 0, frame = 16
 270              		@ frame_needed = 1, uses_anonymous_args = 0
 271              		@ link register save eliminated.
 272 0000 80B4     		push	{r7}
 273              		.cfi_def_cfa_offset 4
 274              		.cfi_offset 7, -4
 275 0002 85B0     		sub	sp, sp, #20
 276              		.cfi_def_cfa_offset 24
 277 0004 00AF     		add	r7, sp, #0
 278              		.cfi_def_cfa_register 7
 279 0006 0346     		mov	r3, r0
 280 0008 FB80     		strh	r3, [r7, #6]	@ movhi
 527:../fatfs/ccsbcs.c **** 	static const WCHAR tbl_lower[] = { 0x61, 0x62, 0x63, 0x64, 0x65, 0x66, 0x67, 0x68, 0x69, 0x6A, 0x6
 528:../fatfs/ccsbcs.c **** 	static const WCHAR tbl_upper[] = { 0x41, 0x42, 0x43, 0x44, 0x45, 0x46, 0x47, 0x48, 0x49, 0x4A, 0x4
 529:../fatfs/ccsbcs.c **** 	int i;
 530:../fatfs/ccsbcs.c **** 
 531:../fatfs/ccsbcs.c **** 
 532:../fatfs/ccsbcs.c **** 	for (i = 0; tbl_lower[i] && chr != tbl_lower[i]; i++) ;
 281              		.loc 1 532 0
 282 000a 0023     		movs	r3, #0
 283 000c FB60     		str	r3, [r7, #12]
 284 000e 02E0     		b	.L15
 285              	.L17:
 286              		.loc 1 532 0 is_stmt 0 discriminator 4
 287 0010 FB68     		ldr	r3, [r7, #12]
 288 0012 0133     		adds	r3, r3, #1
 289 0014 FB60     		str	r3, [r7, #12]
 290              	.L15:
 291              		.loc 1 532 0 discriminator 1
 292 0016 0F4A     		ldr	r2, .L21
 293 0018 FB68     		ldr	r3, [r7, #12]
 294 001a 32F81330 		ldrh	r3, [r2, r3, lsl #1]
 295 001e 002B     		cmp	r3, #0
 296 0020 06D0     		beq	.L16
 297              		.loc 1 532 0 discriminator 3
 298 0022 0C4A     		ldr	r2, .L21
 299 0024 FB68     		ldr	r3, [r7, #12]
 300 0026 32F81330 		ldrh	r3, [r2, r3, lsl #1]
 301 002a FA88     		ldrh	r2, [r7, #6]
 302 002c 9A42     		cmp	r2, r3
 303 002e EFD1     		bne	.L17
 304              	.L16:
 533:../fatfs/ccsbcs.c **** 
 534:../fatfs/ccsbcs.c **** 	return tbl_lower[i] ? tbl_upper[i] : chr;
 305              		.loc 1 534 0 is_stmt 1
 306 0030 084A     		ldr	r2, .L21
 307 0032 FB68     		ldr	r3, [r7, #12]
 308 0034 32F81330 		ldrh	r3, [r2, r3, lsl #1]
 309 0038 002B     		cmp	r3, #0
 310 003a 04D0     		beq	.L18
 311              		.loc 1 534 0 is_stmt 0 discriminator 1
 312 003c 064A     		ldr	r2, .L21+4
 313 003e FB68     		ldr	r3, [r7, #12]
 314 0040 32F81330 		ldrh	r3, [r2, r3, lsl #1]
 315 0044 00E0     		b	.L19
 316              	.L18:
 317              		.loc 1 534 0 discriminator 2
 318 0046 FB88     		ldrh	r3, [r7, #6]
 319              	.L19:
 535:../fatfs/ccsbcs.c **** }
 320              		.loc 1 535 0 is_stmt 1 discriminator 4
 321 0048 1846     		mov	r0, r3
 322 004a 1437     		adds	r7, r7, #20
 323              		.cfi_def_cfa_offset 4
 324 004c BD46     		mov	sp, r7
 325              		.cfi_def_cfa_register 13
 326              		@ sp needed
 327 004e 5DF8047B 		ldr	r7, [sp], #4
 328              		.cfi_restore 7
 329              		.cfi_def_cfa_offset 0
 330 0052 7047     		bx	lr
 331              	.L22:
 332              		.align	2
 333              	.L21:
 334 0054 00000000 		.word	tbl_lower.4156
 335 0058 00000000 		.word	tbl_upper.4157
 336              		.cfi_endproc
 337              	.LFE1:
 339              		.section	.rodata.tbl_lower.4156,"a",%progbits
 340              		.align	2
 343              	tbl_lower.4156:
 344 0000 6100     		.short	97
 345 0002 6200     		.short	98
 346 0004 6300     		.short	99
 347 0006 6400     		.short	100
 348 0008 6500     		.short	101
 349 000a 6600     		.short	102
 350 000c 6700     		.short	103
 351 000e 6800     		.short	104
 352 0010 6900     		.short	105
 353 0012 6A00     		.short	106
 354 0014 6B00     		.short	107
 355 0016 6C00     		.short	108
 356 0018 6D00     		.short	109
 357 001a 6E00     		.short	110
 358 001c 6F00     		.short	111
 359 001e 7000     		.short	112
 360 0020 7100     		.short	113
 361 0022 7200     		.short	114
 362 0024 7300     		.short	115
 363 0026 7400     		.short	116
 364 0028 7500     		.short	117
 365 002a 7600     		.short	118
 366 002c 7700     		.short	119
 367 002e 7800     		.short	120
 368 0030 7900     		.short	121
 369 0032 7A00     		.short	122
 370 0034 A100     		.short	161
 371 0036 A200     		.short	162
 372 0038 A300     		.short	163
 373 003a A500     		.short	165
 374 003c AC00     		.short	172
 375 003e AF00     		.short	175
 376 0040 E000     		.short	224
 377 0042 E100     		.short	225
 378 0044 E200     		.short	226
 379 0046 E300     		.short	227
 380 0048 E400     		.short	228
 381 004a E500     		.short	229
 382 004c E600     		.short	230
 383 004e E700     		.short	231
 384 0050 E800     		.short	232
 385 0052 E900     		.short	233
 386 0054 EA00     		.short	234
 387 0056 EB00     		.short	235
 388 0058 EC00     		.short	236
 389 005a ED00     		.short	237
 390 005c EE00     		.short	238
 391 005e EF00     		.short	239
 392 0060 F000     		.short	240
 393 0062 F100     		.short	241
 394 0064 F200     		.short	242
 395 0066 F300     		.short	243
 396 0068 F400     		.short	244
 397 006a F500     		.short	245
 398 006c F600     		.short	246
 399 006e F800     		.short	248
 400 0070 F900     		.short	249
 401 0072 FA00     		.short	250
 402 0074 FB00     		.short	251
 403 0076 FC00     		.short	252
 404 0078 FD00     		.short	253
 405 007a FE00     		.short	254
 406 007c FF00     		.short	255
 407 007e 0101     		.short	257
 408 0080 0301     		.short	259
 409 0082 0501     		.short	261
 410 0084 0701     		.short	263
 411 0086 0901     		.short	265
 412 0088 0B01     		.short	267
 413 008a 0D01     		.short	269
 414 008c 0F01     		.short	271
 415 008e 1101     		.short	273
 416 0090 1301     		.short	275
 417 0092 1501     		.short	277
 418 0094 1701     		.short	279
 419 0096 1901     		.short	281
 420 0098 1B01     		.short	283
 421 009a 1D01     		.short	285
 422 009c 1F01     		.short	287
 423 009e 2101     		.short	289
 424 00a0 2301     		.short	291
 425 00a2 2501     		.short	293
 426 00a4 2701     		.short	295
 427 00a6 2901     		.short	297
 428 00a8 2B01     		.short	299
 429 00aa 2D01     		.short	301
 430 00ac 2F01     		.short	303
 431 00ae 3101     		.short	305
 432 00b0 3301     		.short	307
 433 00b2 3501     		.short	309
 434 00b4 3701     		.short	311
 435 00b6 3A01     		.short	314
 436 00b8 3C01     		.short	316
 437 00ba 3E01     		.short	318
 438 00bc 4001     		.short	320
 439 00be 4201     		.short	322
 440 00c0 4401     		.short	324
 441 00c2 4601     		.short	326
 442 00c4 4801     		.short	328
 443 00c6 4B01     		.short	331
 444 00c8 4D01     		.short	333
 445 00ca 4F01     		.short	335
 446 00cc 5101     		.short	337
 447 00ce 5301     		.short	339
 448 00d0 5501     		.short	341
 449 00d2 5701     		.short	343
 450 00d4 5901     		.short	345
 451 00d6 5B01     		.short	347
 452 00d8 5D01     		.short	349
 453 00da 5F01     		.short	351
 454 00dc 6101     		.short	353
 455 00de 6301     		.short	355
 456 00e0 6501     		.short	357
 457 00e2 6701     		.short	359
 458 00e4 6901     		.short	361
 459 00e6 6B01     		.short	363
 460 00e8 6D01     		.short	365
 461 00ea 6F01     		.short	367
 462 00ec 7101     		.short	369
 463 00ee 7301     		.short	371
 464 00f0 7501     		.short	373
 465 00f2 7701     		.short	375
 466 00f4 7A01     		.short	378
 467 00f6 7C01     		.short	380
 468 00f8 7E01     		.short	382
 469 00fa 9201     		.short	402
 470 00fc B103     		.short	945
 471 00fe B203     		.short	946
 472 0100 B303     		.short	947
 473 0102 B403     		.short	948
 474 0104 B503     		.short	949
 475 0106 B603     		.short	950
 476 0108 B703     		.short	951
 477 010a B803     		.short	952
 478 010c B903     		.short	953
 479 010e BA03     		.short	954
 480 0110 BB03     		.short	955
 481 0112 BC03     		.short	956
 482 0114 BD03     		.short	957
 483 0116 BE03     		.short	958
 484 0118 BF03     		.short	959
 485 011a C003     		.short	960
 486 011c C103     		.short	961
 487 011e C303     		.short	963
 488 0120 C403     		.short	964
 489 0122 C503     		.short	965
 490 0124 C603     		.short	966
 491 0126 C703     		.short	967
 492 0128 C803     		.short	968
 493 012a C903     		.short	969
 494 012c CA03     		.short	970
 495 012e 3004     		.short	1072
 496 0130 3104     		.short	1073
 497 0132 3204     		.short	1074
 498 0134 3304     		.short	1075
 499 0136 3404     		.short	1076
 500 0138 3504     		.short	1077
 501 013a 3604     		.short	1078
 502 013c 3704     		.short	1079
 503 013e 3804     		.short	1080
 504 0140 3904     		.short	1081
 505 0142 3A04     		.short	1082
 506 0144 3B04     		.short	1083
 507 0146 3C04     		.short	1084
 508 0148 3D04     		.short	1085
 509 014a 3E04     		.short	1086
 510 014c 3F04     		.short	1087
 511 014e 4004     		.short	1088
 512 0150 4104     		.short	1089
 513 0152 4204     		.short	1090
 514 0154 4304     		.short	1091
 515 0156 4404     		.short	1092
 516 0158 4504     		.short	1093
 517 015a 4604     		.short	1094
 518 015c 4704     		.short	1095
 519 015e 4804     		.short	1096
 520 0160 4904     		.short	1097
 521 0162 4A04     		.short	1098
 522 0164 4B04     		.short	1099
 523 0166 4C04     		.short	1100
 524 0168 4D04     		.short	1101
 525 016a 4E04     		.short	1102
 526 016c 4F04     		.short	1103
 527 016e 5104     		.short	1105
 528 0170 5204     		.short	1106
 529 0172 5304     		.short	1107
 530 0174 5404     		.short	1108
 531 0176 5504     		.short	1109
 532 0178 5604     		.short	1110
 533 017a 5704     		.short	1111
 534 017c 5804     		.short	1112
 535 017e 5904     		.short	1113
 536 0180 5A04     		.short	1114
 537 0182 5B04     		.short	1115
 538 0184 5C04     		.short	1116
 539 0186 5E04     		.short	1118
 540 0188 5F04     		.short	1119
 541 018a 7021     		.short	8560
 542 018c 7121     		.short	8561
 543 018e 7221     		.short	8562
 544 0190 7321     		.short	8563
 545 0192 7421     		.short	8564
 546 0194 7521     		.short	8565
 547 0196 7621     		.short	8566
 548 0198 7721     		.short	8567
 549 019a 7821     		.short	8568
 550 019c 7921     		.short	8569
 551 019e 7A21     		.short	8570
 552 01a0 7B21     		.short	8571
 553 01a2 7C21     		.short	8572
 554 01a4 7D21     		.short	8573
 555 01a6 7E21     		.short	8574
 556 01a8 7F21     		.short	8575
 557 01aa 41FF     		.short	-191
 558 01ac 42FF     		.short	-190
 559 01ae 43FF     		.short	-189
 560 01b0 44FF     		.short	-188
 561 01b2 45FF     		.short	-187
 562 01b4 46FF     		.short	-186
 563 01b6 47FF     		.short	-185
 564 01b8 48FF     		.short	-184
 565 01ba 49FF     		.short	-183
 566 01bc 4AFF     		.short	-182
 567 01be 4BFF     		.short	-181
 568 01c0 4CFF     		.short	-180
 569 01c2 4DFF     		.short	-179
 570 01c4 4EFF     		.short	-178
 571 01c6 4FFF     		.short	-177
 572 01c8 50FF     		.short	-176
 573 01ca 51FF     		.short	-175
 574 01cc 52FF     		.short	-174
 575 01ce 53FF     		.short	-173
 576 01d0 54FF     		.short	-172
 577 01d2 55FF     		.short	-171
 578 01d4 56FF     		.short	-170
 579 01d6 57FF     		.short	-169
 580 01d8 58FF     		.short	-168
 581 01da 59FF     		.short	-167
 582 01dc 5AFF     		.short	-166
 583 01de 0000     		.short	0
 584              		.section	.rodata.tbl_upper.4157,"a",%progbits
 585              		.align	2
 588              	tbl_upper.4157:
 589 0000 4100     		.short	65
 590 0002 4200     		.short	66
 591 0004 4300     		.short	67
 592 0006 4400     		.short	68
 593 0008 4500     		.short	69
 594 000a 4600     		.short	70
 595 000c 4700     		.short	71
 596 000e 4800     		.short	72
 597 0010 4900     		.short	73
 598 0012 4A00     		.short	74
 599 0014 4B00     		.short	75
 600 0016 4C00     		.short	76
 601 0018 4D00     		.short	77
 602 001a 4E00     		.short	78
 603 001c 4F00     		.short	79
 604 001e 5000     		.short	80
 605 0020 5100     		.short	81
 606 0022 5200     		.short	82
 607 0024 5300     		.short	83
 608 0026 5400     		.short	84
 609 0028 5500     		.short	85
 610 002a 5600     		.short	86
 611 002c 5700     		.short	87
 612 002e 5800     		.short	88
 613 0030 5900     		.short	89
 614 0032 5A00     		.short	90
 615 0034 2100     		.short	33
 616 0036 E0FF     		.short	-32
 617 0038 E1FF     		.short	-31
 618 003a E5FF     		.short	-27
 619 003c E2FF     		.short	-30
 620 003e E3FF     		.short	-29
 621 0040 C000     		.short	192
 622 0042 C100     		.short	193
 623 0044 C200     		.short	194
 624 0046 C300     		.short	195
 625 0048 C400     		.short	196
 626 004a C500     		.short	197
 627 004c C600     		.short	198
 628 004e C700     		.short	199
 629 0050 C800     		.short	200
 630 0052 C900     		.short	201
 631 0054 CA00     		.short	202
 632 0056 CB00     		.short	203
 633 0058 CC00     		.short	204
 634 005a CD00     		.short	205
 635 005c CE00     		.short	206
 636 005e CF00     		.short	207
 637 0060 D000     		.short	208
 638 0062 D100     		.short	209
 639 0064 D200     		.short	210
 640 0066 D300     		.short	211
 641 0068 D400     		.short	212
 642 006a D500     		.short	213
 643 006c D600     		.short	214
 644 006e D800     		.short	216
 645 0070 D900     		.short	217
 646 0072 DA00     		.short	218
 647 0074 DB00     		.short	219
 648 0076 DC00     		.short	220
 649 0078 DD00     		.short	221
 650 007a DE00     		.short	222
 651 007c 7801     		.short	376
 652 007e 0001     		.short	256
 653 0080 0201     		.short	258
 654 0082 0401     		.short	260
 655 0084 0601     		.short	262
 656 0086 0801     		.short	264
 657 0088 0A01     		.short	266
 658 008a 0C01     		.short	268
 659 008c 0E01     		.short	270
 660 008e 1001     		.short	272
 661 0090 1201     		.short	274
 662 0092 1401     		.short	276
 663 0094 1601     		.short	278
 664 0096 1801     		.short	280
 665 0098 1A01     		.short	282
 666 009a 1C01     		.short	284
 667 009c 1E01     		.short	286
 668 009e 2001     		.short	288
 669 00a0 2201     		.short	290
 670 00a2 2401     		.short	292
 671 00a4 2601     		.short	294
 672 00a6 2801     		.short	296
 673 00a8 2A01     		.short	298
 674 00aa 2C01     		.short	300
 675 00ac 2E01     		.short	302
 676 00ae 3001     		.short	304
 677 00b0 3201     		.short	306
 678 00b2 3401     		.short	308
 679 00b4 3601     		.short	310
 680 00b6 3901     		.short	313
 681 00b8 3B01     		.short	315
 682 00ba 3D01     		.short	317
 683 00bc 3F01     		.short	319
 684 00be 4101     		.short	321
 685 00c0 4301     		.short	323
 686 00c2 4501     		.short	325
 687 00c4 4701     		.short	327
 688 00c6 4A01     		.short	330
 689 00c8 4C01     		.short	332
 690 00ca 4E01     		.short	334
 691 00cc 5001     		.short	336
 692 00ce 5201     		.short	338
 693 00d0 5401     		.short	340
 694 00d2 5601     		.short	342
 695 00d4 5801     		.short	344
 696 00d6 5A01     		.short	346
 697 00d8 5C01     		.short	348
 698 00da 5E01     		.short	350
 699 00dc 6001     		.short	352
 700 00de 6201     		.short	354
 701 00e0 6401     		.short	356
 702 00e2 6601     		.short	358
 703 00e4 6801     		.short	360
 704 00e6 6A01     		.short	362
 705 00e8 6C01     		.short	364
 706 00ea 6E01     		.short	366
 707 00ec 7001     		.short	368
 708 00ee 7201     		.short	370
 709 00f0 7401     		.short	372
 710 00f2 7601     		.short	374
 711 00f4 7901     		.short	377
 712 00f6 7B01     		.short	379
 713 00f8 7D01     		.short	381
 714 00fa 9101     		.short	401
 715 00fc 9103     		.short	913
 716 00fe 9203     		.short	914
 717 0100 9303     		.short	915
 718 0102 9403     		.short	916
 719 0104 9503     		.short	917
 720 0106 9603     		.short	918
 721 0108 9703     		.short	919
 722 010a 9803     		.short	920
 723 010c 9903     		.short	921
 724 010e 9A03     		.short	922
 725 0110 9B03     		.short	923
 726 0112 9C03     		.short	924
 727 0114 9D03     		.short	925
 728 0116 9E03     		.short	926
 729 0118 9F03     		.short	927
 730 011a A003     		.short	928
 731 011c A103     		.short	929
 732 011e A303     		.short	931
 733 0120 A403     		.short	932
 734 0122 A503     		.short	933
 735 0124 A603     		.short	934
 736 0126 A703     		.short	935
 737 0128 A803     		.short	936
 738 012a A903     		.short	937
 739 012c AA03     		.short	938
 740 012e 1004     		.short	1040
 741 0130 1104     		.short	1041
 742 0132 1204     		.short	1042
 743 0134 1304     		.short	1043
 744 0136 1404     		.short	1044
 745 0138 1504     		.short	1045
 746 013a 1604     		.short	1046
 747 013c 1704     		.short	1047
 748 013e 1804     		.short	1048
 749 0140 1904     		.short	1049
 750 0142 1A04     		.short	1050
 751 0144 1B04     		.short	1051
 752 0146 1C04     		.short	1052
 753 0148 1D04     		.short	1053
 754 014a 1E04     		.short	1054
 755 014c 1F04     		.short	1055
 756 014e 2004     		.short	1056
 757 0150 2104     		.short	1057
 758 0152 2204     		.short	1058
 759 0154 2304     		.short	1059
 760 0156 2404     		.short	1060
 761 0158 2504     		.short	1061
 762 015a 2604     		.short	1062
 763 015c 2704     		.short	1063
 764 015e 2804     		.short	1064
 765 0160 2904     		.short	1065
 766 0162 2A04     		.short	1066
 767 0164 2B04     		.short	1067
 768 0166 2C04     		.short	1068
 769 0168 2D04     		.short	1069
 770 016a 2E04     		.short	1070
 771 016c 2F04     		.short	1071
 772 016e 0104     		.short	1025
 773 0170 0204     		.short	1026
 774 0172 0304     		.short	1027
 775 0174 0404     		.short	1028
 776 0176 0504     		.short	1029
 777 0178 0604     		.short	1030
 778 017a 0704     		.short	1031
 779 017c 0804     		.short	1032
 780 017e 0904     		.short	1033
 781 0180 0A04     		.short	1034
 782 0182 0B04     		.short	1035
 783 0184 0C04     		.short	1036
 784 0186 0E04     		.short	1038
 785 0188 0F04     		.short	1039
 786 018a 6021     		.short	8544
 787 018c 6121     		.short	8545
 788 018e 6221     		.short	8546
 789 0190 6321     		.short	8547
 790 0192 6421     		.short	8548
 791 0194 6521     		.short	8549
 792 0196 6621     		.short	8550
 793 0198 6721     		.short	8551
 794 019a 6821     		.short	8552
 795 019c 6921     		.short	8553
 796 019e 6A21     		.short	8554
 797 01a0 6B21     		.short	8555
 798 01a2 6C21     		.short	8556
 799 01a4 6D21     		.short	8557
 800 01a6 6E21     		.short	8558
 801 01a8 6F21     		.short	8559
 802 01aa 21FF     		.short	-223
 803 01ac 22FF     		.short	-222
 804 01ae 23FF     		.short	-221
 805 01b0 24FF     		.short	-220
 806 01b2 25FF     		.short	-219
 807 01b4 26FF     		.short	-218
 808 01b6 27FF     		.short	-217
 809 01b8 28FF     		.short	-216
 810 01ba 29FF     		.short	-215
 811 01bc 2AFF     		.short	-214
 812 01be 2BFF     		.short	-213
 813 01c0 2CFF     		.short	-212
 814 01c2 2DFF     		.short	-211
 815 01c4 2EFF     		.short	-210
 816 01c6 2FFF     		.short	-209
 817 01c8 30FF     		.short	-208
 818 01ca 31FF     		.short	-207
 819 01cc 32FF     		.short	-206
 820 01ce 33FF     		.short	-205
 821 01d0 34FF     		.short	-204
 822 01d2 35FF     		.short	-203
 823 01d4 36FF     		.short	-202
 824 01d6 37FF     		.short	-201
 825 01d8 38FF     		.short	-200
 826 01da 39FF     		.short	-199
 827 01dc 3AFF     		.short	-198
 828 01de 0000     		.short	0
 829              		.text
 830              	.Letext0:
 831              		.file 2 "../fatfs/../fatfs/integer.h"
DEFINED SYMBOLS
                            *ABS*:00000000 ccsbcs.c
     /tmp/ccfC64AY.s:21     .rodata.Tbl:00000000 $d
     /tmp/ccfC64AY.s:24     .rodata.Tbl:00000000 Tbl
     /tmp/ccfC64AY.s:154    .text.ff_convert:00000000 $t
     /tmp/ccfC64AY.s:159    .text.ff_convert:00000000 ff_convert
     /tmp/ccfC64AY.s:255    .text.ff_convert:00000070 $d
     /tmp/ccfC64AY.s:260    .text.ff_wtoupper:00000000 $t
     /tmp/ccfC64AY.s:265    .text.ff_wtoupper:00000000 ff_wtoupper
     /tmp/ccfC64AY.s:334    .text.ff_wtoupper:00000054 $d
     /tmp/ccfC64AY.s:343    .rodata.tbl_lower.4156:00000000 tbl_lower.4156
     /tmp/ccfC64AY.s:588    .rodata.tbl_upper.4157:00000000 tbl_upper.4157
     /tmp/ccfC64AY.s:340    .rodata.tbl_lower.4156:00000000 $d
     /tmp/ccfC64AY.s:585    .rodata.tbl_upper.4157:00000000 $d
                     .debug_frame:00000010 $d
                           .group:00000000 wm4.0.728a2e6911dc01ff85c2d70c52e8fae1
                           .group:00000000 wm4.lib_c99.prefix.8.3580c292f50811c682d980dc4180498e
                           .group:00000000 wm4.common.prefix.16.d7bf937cdf46fd76dde96b376e3b328a
                           .group:00000000 wm4.ewl_c_version.h.9.0bcb57d6a3f89baae1f9b121de2772f5
                           .group:00000000 wm4.ffconf.h.10.449b8c507c21d4b88b2726fdbe709539
                           .group:00000000 wm4.ff.h.41.697fd665eaee50d266af411eac66adba

NO UNDEFINED SYMBOLS
