   1              		.syntax unified
   2              		.cpu cortex-m4
   3              		.eabi_attribute 27, 1
   4              		.eabi_attribute 28, 1
   5              		.fpu fpv4-sp-d16
   6              		.eabi_attribute 20, 1
   7              		.eabi_attribute 21, 1
   8              		.eabi_attribute 23, 3
   9              		.eabi_attribute 24, 1
  10              		.eabi_attribute 25, 1
  11              		.eabi_attribute 26, 1
  12              		.eabi_attribute 30, 6
  13              		.eabi_attribute 34, 1
  14              		.eabi_attribute 18, 4
  15              		.thumb
  16              		.file	"unicode.c"
  17              		.text
  18              	.Ltext0:
  19              		.cfi_sections	.debug_frame
  20              	.Letext0:
DEFINED SYMBOLS
                            *ABS*:00000000 unicode.c
                           .group:00000000 wm4.0.728a2e6911dc01ff85c2d70c52e8fae1
                           .group:00000000 wm4.lib_c99.prefix.8.3580c292f50811c682d980dc4180498e
                           .group:00000000 wm4.common.prefix.16.d7bf937cdf46fd76dde96b376e3b328a
                           .group:00000000 wm4.ewl_c_version.h.9.0bcb57d6a3f89baae1f9b121de2772f5
                           .group:00000000 wm4.ffconf.h.10.449b8c507c21d4b88b2726fdbe709539
                           .group:00000000 wm4.ff.h.41.697fd665eaee50d266af411eac66adba

NO UNDEFINED SYMBOLS
